[2022-03-19 02:45:20.862] [exthost] [info] Extension host with pid 87 started
[2022-03-19 02:45:20.871] [exthost] [info] Lock '/root/capsule/code/.vscode/User/workspaceStorage/-13f97471/vscode.lock': Lock acquired.
[2022-03-19 02:45:20.919] [exthost] [info] ExtensionService#_doActivateExtension vscode.debug-auto-launch, startup: true, activationEvent: '*'
[2022-03-19 02:45:20.923] [exthost] [info] ExtensionService#_doActivateExtension vscode.git-base, startup: true, activationEvent: '*', root cause: vscode.github
[2022-03-19 02:45:21.090] [exthost] [info] ExtensionService#_doActivateExtension vscode.git, startup: true, activationEvent: '*'
[2022-03-19 02:45:21.149] [exthost] [info] ExtensionService#_doActivateExtension vscode.github, startup: true, activationEvent: '*'
[2022-03-19 02:45:21.233] [exthost] [info] ExtensionService#_doActivateExtension vscode.emmet, startup: false, activationEvent: 'onStartupFinished'
[2022-03-19 02:45:21.248] [exthost] [info] ExtensionService#_doActivateExtension vscode.merge-conflict, startup: false, activationEvent: 'onStartupFinished'
[2022-03-19 02:45:21.252] [exthost] [info] Eager extensions activated
[2022-03-19 02:45:21.849] [exthost] [error] {"message":"Git error","stdout":"","stderr":"fatal: pathspec '/root/capsule/results/210803_drug-baseline-models/tasks/drugs_input_1' is beyond a symbolic link\n","exitCode":128}
[2022-03-19 02:45:21.849] [exthost] [error] {"message":"Git error","stdout":"","stderr":"fatal: pathspec '/root/capsule/results/210803_drug-baseline-models/tasks/drugs_input_1' is beyond a symbolic link\n","exitCode":128}
[2022-03-19 02:45:21.849] [exthost] [error] {"message":"Git error","stdout":"","stderr":"fatal: pathspec '/root/capsule/results/210803_drug-baseline-models/tasks/drugs_input_1' is beyond a symbolic link\n","exitCode":128}
[2022-03-19 02:45:21.849] [exthost] [error] {"message":"Git error","stdout":"","stderr":"fatal: pathspec '/root/capsule/results/210803_drug-baseline-models/tasks/drugs_input_1' is beyond a symbolic link\n","exitCode":128}
[2022-03-19 02:45:21.849] [exthost] [error] {"message":"Git error","stdout":"","stderr":"fatal: pathspec '/root/capsule/results/210803_drug-baseline-models/tasks/drugs_input_1' is beyond a symbolic link\n","exitCode":128}
[2022-03-19 02:45:21.849] [exthost] [error] {"message":"Git error","stdout":"","stderr":"fatal: pathspec '/root/capsule/results/210803_drug-baseline-models/tasks/drugs_input_1' is beyond a symbolic link\n","exitCode":128}
[2022-03-19 02:45:21.849] [exthost] [error] {"message":"Git error","stdout":"","stderr":"fatal: pathspec '/root/capsule/results/210803_drug-baseline-models/tasks/drugs_input_1' is beyond a symbolic link\n","exitCode":128}
[2022-03-19 02:45:21.849] [exthost] [error] {"message":"Git error","stdout":"","stderr":"fatal: pathspec '/root/capsule/results/210803_drug-baseline-models/tasks/drugs_input_1' is beyond a symbolic link\n","exitCode":128}
[2022-03-19 02:45:21.849] [exthost] [error] {"message":"Git error","stdout":"","stderr":"fatal: pathspec '/root/capsule/results/210803_drug-baseline-models/tasks/drugs_input_1' is beyond a symbolic link\n","exitCode":128}
[2022-03-19 02:45:21.849] [exthost] [error] {"message":"Git error","stdout":"","stderr":"fatal: pathspec '/root/capsule/results/210803_drug-baseline-models/tasks/drugs_input_1' is beyond a symbolic link\n","exitCode":128}
[2022-03-19 02:45:21.849] [exthost] [error] {"message":"Git error","stdout":"","stderr":"fatal: pathspec '/root/capsule/results/210803_drug-baseline-models/tasks/drugs_input_1' is beyond a symbolic link\n","exitCode":128}
[2022-03-19 02:45:21.849] [exthost] [error] {"message":"Git error","stdout":"","stderr":"fatal: pathspec '/root/capsule/results/210803_drug-baseline-models/tasks/drugs_input_1' is beyond a symbolic link\n","exitCode":128}
[2022-03-19 02:45:21.849] [exthost] [error] {"message":"Git error","stdout":"","stderr":"fatal: pathspec '/root/capsule/results/210803_drug-baseline-models/tasks/drugs_input_1' is beyond a symbolic link\n","exitCode":128}
[2022-03-19 02:45:21.849] [exthost] [error] {"message":"Git error","stdout":"","stderr":"fatal: pathspec '/root/capsule/results/210803_drug-baseline-models/tasks/drugs_input_1' is beyond a symbolic link\n","exitCode":128}
[2022-03-19 02:45:21.849] [exthost] [error] {"message":"Git error","stdout":"","stderr":"fatal: pathspec '/root/capsule/results/210803_drug-baseline-models/tasks/drugs_input_1' is beyond a symbolic link\n","exitCode":128}
[2022-03-19 02:45:21.849] [exthost] [error] {"message":"Git error","stdout":"","stderr":"fatal: pathspec '/root/capsule/results/210803_drug-baseline-models/tasks/drugs_input_1' is beyond a symbolic link\n","exitCode":128}
[2022-03-19 02:45:21.849] [exthost] [error] {"message":"Git error","stdout":"","stderr":"fatal: pathspec '/root/capsule/results/210803_drug-baseline-models/tasks/drugs_input_1' is beyond a symbolic link\n","exitCode":128}
[2022-03-19 02:45:21.849] [exthost] [error] {"message":"Git error","stdout":"","stderr":"fatal: pathspec '/root/capsule/results/210803_drug-baseline-models/tasks/drugs_input_1' is beyond a symbolic link\n","exitCode":128}
[2022-03-19 02:45:21.849] [exthost] [error] {"message":"Git error","stdout":"","stderr":"fatal: pathspec '/root/capsule/results/210803_drug-baseline-models/tasks/drugs_input_1' is beyond a symbolic link\n","exitCode":128}
[2022-03-19 02:45:21.849] [exthost] [error] {"message":"Git error","stdout":"","stderr":"fatal: pathspec '/root/capsule/results/210803_drug-baseline-models/tasks/drugs_input_1' is beyond a symbolic link\n","exitCode":128}
[2022-03-19 02:45:21.849] [exthost] [error] {"message":"Git error","stdout":"","stderr":"fatal: pathspec '/root/capsule/results/210803_drug-baseline-models/tasks/drugs_input_1' is beyond a symbolic link\n","exitCode":128}
[2022-03-19 02:45:21.849] [exthost] [error] {"message":"Git error","stdout":"","stderr":"fatal: pathspec '/root/capsule/results/210803_drug-baseline-models/tasks/drugs_input_1' is beyond a symbolic link\n","exitCode":128}
[2022-03-19 02:45:21.849] [exthost] [error] {"message":"Git error","stdout":"","stderr":"fatal: pathspec '/root/capsule/results/210803_drug-baseline-models/tasks/drugs_input_1' is beyond a symbolic link\n","exitCode":128}
[2022-03-19 02:45:21.849] [exthost] [error] {"message":"Git error","stdout":"","stderr":"fatal: pathspec '/root/capsule/results/210803_drug-baseline-models/tasks/drugs_input_1' is beyond a symbolic link\n","exitCode":128}
[2022-03-19 02:45:21.849] [exthost] [error] {"message":"Git error","stdout":"","stderr":"fatal: pathspec '/root/capsule/results/210803_drug-baseline-models/tasks/drugs_input_1' is beyond a symbolic link\n","exitCode":128}
[2022-03-19 02:45:21.849] [exthost] [error] {"message":"Git error","stdout":"","stderr":"fatal: pathspec '/root/capsule/results/210803_drug-baseline-models/tasks/drugs_input_1' is beyond a symbolic link\n","exitCode":128}
[2022-03-19 02:45:21.849] [exthost] [error] {"message":"Git error","stdout":"","stderr":"fatal: pathspec '/root/capsule/results/210803_drug-baseline-models/tasks/drugs_input_1' is beyond a symbolic link\n","exitCode":128}
[2022-03-19 02:45:21.849] [exthost] [error] {"message":"Git error","stdout":"","stderr":"fatal: pathspec '/root/capsule/results/210803_drug-baseline-models/tasks/drugs_input_1' is beyond a symbolic link\n","exitCode":128}
[2022-03-19 02:45:21.849] [exthost] [error] {"message":"Git error","stdout":"","stderr":"fatal: pathspec '/root/capsule/results/210803_drug-baseline-models/tasks/drugs_input_1' is beyond a symbolic link\n","exitCode":128}
[2022-03-19 02:45:21.849] [exthost] [error] {"message":"Git error","stdout":"","stderr":"fatal: pathspec '/root/capsule/results/210803_drug-baseline-models/tasks/drugs_input_1' is beyond a symbolic link\n","exitCode":128}
[2022-03-19 02:45:21.849] [exthost] [error] {"message":"Git error","stdout":"","stderr":"fatal: pathspec '/root/capsule/results/210803_drug-baseline-models/tasks/drugs_input_1' is beyond a symbolic link\n","exitCode":128}
[2022-03-19 02:45:21.849] [exthost] [error] {"message":"Git error","stdout":"","stderr":"fatal: pathspec '/root/capsule/results/210803_drug-baseline-models/tasks/drugs_input_1' is beyond a symbolic link\n","exitCode":128}
[2022-03-19 02:45:21.849] [exthost] [error] {"message":"Git error","stdout":"","stderr":"fatal: pathspec '/root/capsule/results/210803_drug-baseline-models/tasks/drugs_input_1' is beyond a symbolic link\n","exitCode":128}
[2022-03-19 02:45:21.849] [exthost] [error] {"message":"Git error","stdout":"","stderr":"fatal: pathspec '/root/capsule/results/210803_drug-baseline-models/tasks/drugs_input_1' is beyond a symbolic link\n","exitCode":128}
[2022-03-19 02:45:21.849] [exthost] [error] {"message":"Git error","stdout":"","stderr":"fatal: pathspec '/root/capsule/results/210803_drug-baseline-models/tasks/drugs_input_1' is beyond a symbolic link\n","exitCode":128}
[2022-03-19 02:45:21.849] [exthost] [error] {"message":"Git error","stdout":"","stderr":"fatal: pathspec '/root/capsule/results/210803_drug-baseline-models/tasks/drugs_input_1' is beyond a symbolic link\n","exitCode":128}
[2022-03-19 02:45:21.849] [exthost] [error] {"message":"Git error","stdout":"","stderr":"fatal: pathspec '/root/capsule/results/210803_drug-baseline-models/tasks/drugs_input_1' is beyond a symbolic link\n","exitCode":128}
[2022-03-19 02:45:21.849] [exthost] [error] {"message":"Git error","stdout":"","stderr":"fatal: pathspec '/root/capsule/results/210803_drug-baseline-models/tasks/drugs_input_1' is beyond a symbolic link\n","exitCode":128}
[2022-03-19 02:45:21.849] [exthost] [error] {"message":"Git error","stdout":"","stderr":"fatal: pathspec '/root/capsule/results/210803_drug-baseline-models/tasks/drugs_input_1' is beyond a symbolic link\n","exitCode":128}
[2022-03-19 02:45:21.849] [exthost] [error] {"message":"Git error","stdout":"","stderr":"fatal: pathspec '/root/capsule/results/210803_drug-baseline-models/tasks/drugs_input_1' is beyond a symbolic link\n","exitCode":128}
[2022-03-19 02:45:21.849] [exthost] [error] {"message":"Git error","stdout":"","stderr":"fatal: pathspec '/root/capsule/results/210803_drug-baseline-models/tasks/drugs_input_1' is beyond a symbolic link\n","exitCode":128}
[2022-03-19 02:45:21.849] [exthost] [error] {"message":"Git error","stdout":"","stderr":"fatal: pathspec '/root/capsule/results/210803_drug-baseline-models/tasks/drugs_input_1' is beyond a symbolic link\n","exitCode":128}
[2022-03-19 02:45:21.849] [exthost] [error] {"message":"Git error","stdout":"","stderr":"fatal: pathspec '/root/capsule/results/210803_drug-baseline-models/tasks/drugs_input_1' is beyond a symbolic link\n","exitCode":128}
[2022-03-19 02:45:21.849] [exthost] [error] {"message":"Git error","stdout":"","stderr":"fatal: pathspec '/root/capsule/results/210803_drug-baseline-models/tasks/drugs_input_1' is beyond a symbolic link\n","exitCode":128}
[2022-03-19 02:45:21.849] [exthost] [error] {"message":"Git error","stdout":"","stderr":"fatal: pathspec '/root/capsule/results/210803_drug-baseline-models/tasks/drugs_input_1' is beyond a symbolic link\n","exitCode":128}
[2022-03-19 02:45:21.849] [exthost] [error] {"message":"Git error","stdout":"","stderr":"fatal: pathspec '/root/capsule/results/210803_drug-baseline-models/tasks/drugs_input_1' is beyond a symbolic link\n","exitCode":128}
[2022-03-19 02:45:21.849] [exthost] [error] {"message":"Git error","stdout":"","stderr":"fatal: pathspec '/root/capsule/results/210803_drug-baseline-models/tasks/drugs_input_1' is beyond a symbolic link\n","exitCode":128}
[2022-03-19 02:45:21.849] [exthost] [error] {"message":"Git error","stdout":"","stderr":"fatal: pathspec '/root/capsule/results/210803_drug-baseline-models/tasks/drugs_input_1' is beyond a symbolic link\n","exitCode":128}
[2022-03-19 02:45:21.849] [exthost] [error] {"message":"Git error","stdout":"","stderr":"fatal: pathspec '/root/capsule/results/210803_drug-baseline-models/tasks/drugs_input_1' is beyond a symbolic link\n","exitCode":128}
[2022-03-19 02:45:21.849] [exthost] [error] {"message":"Git error","stdout":"","stderr":"fatal: pathspec '/root/capsule/results/210803_drug-baseline-models/tasks/drugs_input_1' is beyond a symbolic link\n","exitCode":128}
[2022-03-19 02:45:21.849] [exthost] [error] {"message":"Git error","stdout":"","stderr":"fatal: pathspec '/root/capsule/results/210803_drug-baseline-models/tasks/drugs_input_1' is beyond a symbolic link\n","exitCode":128}
[2022-03-19 02:45:21.849] [exthost] [error] {"message":"Git error","stdout":"","stderr":"fatal: pathspec '/root/capsule/results/210803_drug-baseline-models/tasks/drugs_input_1' is beyond a symbolic link\n","exitCode":128}
[2022-03-19 02:45:21.849] [exthost] [error] {"message":"Git error","stdout":"","stderr":"fatal: pathspec '/root/capsule/results/210803_drug-baseline-models/tasks/drugs_input_1' is beyond a symbolic link\n","exitCode":128}
[2022-03-19 02:45:21.849] [exthost] [error] {"message":"Git error","stdout":"","stderr":"fatal: pathspec '/root/capsule/results/210803_drug-baseline-models/tasks/drugs_input_1' is beyond a symbolic link\n","exitCode":128}
[2022-03-19 02:45:21.849] [exthost] [error] {"message":"Git error","stdout":"","stderr":"fatal: pathspec '/root/capsule/results/210803_drug-baseline-models/tasks/drugs_input_1' is beyond a symbolic link\n","exitCode":128}
[2022-03-19 02:45:21.849] [exthost] [error] {"message":"Git error","stdout":"","stderr":"fatal: pathspec '/root/capsule/results/210803_drug-baseline-models/tasks/drugs_input_1' is beyond a symbolic link\n","exitCode":128}
[2022-03-19 02:45:21.849] [exthost] [error] {"message":"Git error","stdout":"","stderr":"fatal: pathspec '/root/capsule/results/210803_drug-baseline-models/tasks/drugs_input_1' is beyond a symbolic link\n","exitCode":128}
[2022-03-19 02:45:21.849] [exthost] [error] {"message":"Git error","stdout":"","stderr":"fatal: pathspec '/root/capsule/results/210803_drug-baseline-models/tasks/drugs_input_1' is beyond a symbolic link\n","exitCode":128}
[2022-03-19 02:45:21.849] [exthost] [error] {"message":"Git error","stdout":"","stderr":"fatal: pathspec '/root/capsule/results/210803_drug-baseline-models/tasks/drugs_input_1' is beyond a symbolic link\n","exitCode":128}
[2022-03-19 02:45:21.849] [exthost] [error] {"message":"Git error","stdout":"","stderr":"fatal: pathspec '/root/capsule/results/210803_drug-baseline-models/tasks/drugs_input_1' is beyond a symbolic link\n","exitCode":128}
[2022-03-19 02:45:21.849] [exthost] [error] {"message":"Git error","stdout":"","stderr":"fatal: pathspec '/root/capsule/results/210803_drug-baseline-models/tasks/drugs_input_1' is beyond a symbolic link\n","exitCode":128}
[2022-03-19 02:45:21.849] [exthost] [error] {"message":"Git error","stdout":"","stderr":"fatal: pathspec '/root/capsule/results/210803_drug-baseline-models/tasks/drugs_input_1' is beyond a symbolic link\n","exitCode":128}
[2022-03-19 02:45:21.849] [exthost] [error] {"message":"Git error","stdout":"","stderr":"fatal: pathspec '/root/capsule/results/210803_drug-baseline-models/tasks/drugs_input_1' is beyond a symbolic link\n","exitCode":128}
[2022-03-19 02:45:21.849] [exthost] [error] {"message":"Git error","stdout":"","stderr":"fatal: pathspec '/root/capsule/results/210803_drug-baseline-models/tasks/drugs_input_1' is beyond a symbolic link\n","exitCode":128}
[2022-03-19 02:45:21.849] [exthost] [error] {"message":"Git error","stdout":"","stderr":"fatal: pathspec '/root/capsule/results/210803_drug-baseline-models/tasks/drugs_input_1' is beyond a symbolic link\n","exitCode":128}
[2022-03-19 02:45:21.849] [exthost] [error] {"message":"Git error","stdout":"","stderr":"fatal: pathspec '/root/capsule/results/210803_drug-baseline-models/tasks/drugs_input_1' is beyond a symbolic link\n","exitCode":128}
[2022-03-19 02:45:21.849] [exthost] [error] {"message":"Git error","stdout":"","stderr":"fatal: pathspec '/root/capsule/results/210803_drug-baseline-models/tasks/drugs_input_1' is beyond a symbolic link\n","exitCode":128}
[2022-03-19 02:45:21.849] [exthost] [error] {"message":"Git error","stdout":"","stderr":"fatal: pathspec '/root/capsule/results/210803_drug-baseline-models/tasks/drugs_input_1' is beyond a symbolic link\n","exitCode":128}
[2022-03-19 02:45:21.849] [exthost] [error] {"message":"Git error","stdout":"","stderr":"fatal: pathspec '/root/capsule/results/210803_drug-baseline-models/tasks/drugs_input_1' is beyond a symbolic link\n","exitCode":128}
[2022-03-19 02:45:21.849] [exthost] [error] {"message":"Git error","stdout":"","stderr":"fatal: pathspec '/root/capsule/results/210803_drug-baseline-models/tasks/drugs_input_1' is beyond a symbolic link\n","exitCode":128}
[2022-03-19 02:45:21.850] [exthost] [error] {"message":"Git error","stdout":"","stderr":"fatal: pathspec '/root/capsule/results/210803_drug-baseline-models/tasks/drugs_input_1' is beyond a symbolic link\n","exitCode":128}
[2022-03-19 02:45:21.850] [exthost] [error] {"message":"Git error","stdout":"","stderr":"fatal: pathspec '/root/capsule/results/210803_drug-baseline-models/tasks/drugs_input_1' is beyond a symbolic link\n","exitCode":128}
[2022-03-19 02:45:21.850] [exthost] [error] {"message":"Git error","stdout":"","stderr":"fatal: pathspec '/root/capsule/results/210803_drug-baseline-models/tasks/drugs_input_1' is beyond a symbolic link\n","exitCode":128}
[2022-03-19 02:45:21.850] [exthost] [error] {"message":"Git error","stdout":"","stderr":"fatal: pathspec '/root/capsule/results/210803_drug-baseline-models/tasks/drugs_input_1' is beyond a symbolic link\n","exitCode":128}
[2022-03-19 02:45:21.850] [exthost] [error] {"message":"Git error","stdout":"","stderr":"fatal: pathspec '/root/capsule/results/210803_drug-baseline-models/tasks/drugs_input_1' is beyond a symbolic link\n","exitCode":128}
[2022-03-19 02:45:21.850] [exthost] [error] {"message":"Git error","stdout":"","stderr":"fatal: pathspec '/root/capsule/results/210803_drug-baseline-models/tasks/drugs_input_1' is beyond a symbolic link\n","exitCode":128}
[2022-03-19 02:45:21.850] [exthost] [error] {"message":"Git error","stdout":"","stderr":"fatal: pathspec '/root/capsule/results/210803_drug-baseline-models/tasks/drugs_input_1' is beyond a symbolic link\n","exitCode":128}
[2022-03-19 02:45:21.850] [exthost] [error] {"message":"Git error","stdout":"","stderr":"fatal: pathspec '/root/capsule/results/210803_drug-baseline-models/tasks/drugs_input_1' is beyond a symbolic link\n","exitCode":128}
[2022-03-19 02:45:21.850] [exthost] [error] {"message":"Git error","stdout":"","stderr":"fatal: pathspec '/root/capsule/results/210803_drug-baseline-models/tasks/drugs_input_1' is beyond a symbolic link\n","exitCode":128}
[2022-03-19 02:45:21.850] [exthost] [error] {"message":"Git error","stdout":"","stderr":"fatal: pathspec '/root/capsule/results/210803_drug-baseline-models/tasks/drugs_input_1' is beyond a symbolic link\n","exitCode":128}
[2022-03-19 02:45:21.850] [exthost] [error] {"message":"Git error","stdout":"","stderr":"fatal: pathspec '/root/capsule/results/210803_drug-baseline-models/tasks/drugs_input_1' is beyond a symbolic link\n","exitCode":128}
[2022-03-19 02:45:21.850] [exthost] [error] {"message":"Git error","stdout":"","stderr":"fatal: pathspec '/root/capsule/results/210803_drug-baseline-models/tasks/drugs_input_1' is beyond a symbolic link\n","exitCode":128}
[2022-03-19 02:45:21.850] [exthost] [error] {"message":"Git error","stdout":"","stderr":"fatal: pathspec '/root/capsule/results/210803_drug-baseline-models/tasks/drugs_input_1' is beyond a symbolic link\n","exitCode":128}
[2022-03-19 02:45:21.850] [exthost] [error] {"message":"Git error","stdout":"","stderr":"fatal: pathspec '/root/capsule/results/210803_drug-baseline-models/tasks/drugs_input_1' is beyond a symbolic link\n","exitCode":128}
[2022-03-19 02:45:21.850] [exthost] [error] {"message":"Git error","stdout":"","stderr":"fatal: pathspec '/root/capsule/results/210803_drug-baseline-models/tasks/drugs_input_1' is beyond a symbolic link\n","exitCode":128}
[2022-03-19 02:45:21.850] [exthost] [error] {"message":"Git error","stdout":"","stderr":"fatal: pathspec '/root/capsule/results/210803_drug-baseline-models/tasks/drugs_input_1' is beyond a symbolic link\n","exitCode":128}
[2022-03-19 02:45:21.850] [exthost] [error] {"message":"Git error","stdout":"","stderr":"fatal: pathspec '/root/capsule/results/210803_drug-baseline-models/tasks/drugs_input_1' is beyond a symbolic link\n","exitCode":128}
[2022-03-19 02:45:21.850] [exthost] [error] {"message":"Git error","stdout":"","stderr":"fatal: pathspec '/root/capsule/results/210803_drug-baseline-models/tasks/drugs_input_1' is beyond a symbolic link\n","exitCode":128}
[2022-03-19 02:46:45.186] [exthost] [info] ExtensionService#_doActivateExtension ms-toolsai.jupyter, startup: false, activationEvent: 'onLanguage:python'
[2022-03-19 02:46:45.442] [exthost] [info] ExtensionService#_doActivateExtension ms-python.python, startup: false, activationEvent: 'onLanguage:python'
[2022-03-19 02:47:13.597] [exthost] [info] ExtensionService#_doActivateExtension vscode.debug-server-ready, startup: false, activationEvent: 'onDebugResolve'
[2022-03-19 03:18:21.230] [exthost] [info] extension host terminating: parent process 36 does not exist anymore: kill ESRCH (code: ESRCH) (errno: -3)
[2022-03-19 03:18:21.230] [exthost] [info] Lock '/root/capsule/code/.vscode/User/workspaceStorage/-13f97471/vscode.lock': Marking the lockfile as scheduled to be released in 6000 ms.
[2022-03-19 03:18:21.252] [exthost] [info] Extension host with pid 87 exiting with code 0
