[2022-03-14 14:55:40.599] [exthost] [info] Extension host with pid 88 started
[2022-03-14 14:55:40.605] [exthost] [info] Lock '/root/capsule/code/.vscode/User/workspaceStorage/-13f97471/vscode.lock': Lock acquired.
[2022-03-14 14:55:40.779] [exthost] [info] ExtensionService#_doActivateExtension vscode.debug-auto-launch, startup: true, activationEvent: '*'
[2022-03-14 14:55:40.786] [exthost] [info] ExtensionService#_doActivateExtension vscode.git-base, startup: true, activationEvent: '*', root cause: vscode.github
[2022-03-14 14:55:40.901] [exthost] [info] ExtensionService#_doActivateExtension vscode.git, startup: true, activationEvent: '*'
[2022-03-14 14:55:41.001] [exthost] [info] ExtensionService#_doActivateExtension vscode.github, startup: true, activationEvent: '*'
[2022-03-14 14:55:41.104] [exthost] [info] ExtensionService#_doActivateExtension vscode.emmet, startup: false, activationEvent: 'onStartupFinished'
[2022-03-14 14:55:41.124] [exthost] [info] ExtensionService#_doActivateExtension vscode.merge-conflict, startup: false, activationEvent: 'onStartupFinished'
[2022-03-14 14:55:41.128] [exthost] [info] Eager extensions activated
[2022-03-14 14:55:41.752] [exthost] [error] {"message":"Git error","stdout":".gitignore\u00003\u0000.vscode\u0000/root/capsule/.vscode/launch.json\u0000","stderr":"fatal: pathspec '/root/capsule/results/210803_drug-baseline-models/MAML_cmd/run_MAML_drugs0.sh' is beyond a symbolic link\n","exitCode":128}
[2022-03-14 14:55:41.752] [exthost] [error] {"message":"Git error","stdout":".gitignore\u00003\u0000.vscode\u0000/root/capsule/.vscode/launch.json\u0000","stderr":"fatal: pathspec '/root/capsule/results/210803_drug-baseline-models/MAML_cmd/run_MAML_drugs0.sh' is beyond a symbolic link\n","exitCode":128}
[2022-03-14 14:55:41.752] [exthost] [error] {"message":"Git error","stdout":".gitignore\u00003\u0000.vscode\u0000/root/capsule/.vscode/launch.json\u0000","stderr":"fatal: pathspec '/root/capsule/results/210803_drug-baseline-models/MAML_cmd/run_MAML_drugs0.sh' is beyond a symbolic link\n","exitCode":128}
[2022-03-14 14:55:41.752] [exthost] [error] {"message":"Git error","stdout":".gitignore\u00003\u0000.vscode\u0000/root/capsule/.vscode/launch.json\u0000","stderr":"fatal: pathspec '/root/capsule/results/210803_drug-baseline-models/MAML_cmd/run_MAML_drugs0.sh' is beyond a symbolic link\n","exitCode":128}
[2022-03-14 14:55:41.752] [exthost] [error] {"message":"Git error","stdout":".gitignore\u00003\u0000.vscode\u0000/root/capsule/.vscode/launch.json\u0000","stderr":"fatal: pathspec '/root/capsule/results/210803_drug-baseline-models/MAML_cmd/run_MAML_drugs0.sh' is beyond a symbolic link\n","exitCode":128}
[2022-03-14 14:55:41.752] [exthost] [error] {"message":"Git error","stdout":".gitignore\u00003\u0000.vscode\u0000/root/capsule/.vscode/launch.json\u0000","stderr":"fatal: pathspec '/root/capsule/results/210803_drug-baseline-models/MAML_cmd/run_MAML_drugs0.sh' is beyond a symbolic link\n","exitCode":128}
[2022-03-14 14:55:41.752] [exthost] [error] {"message":"Git error","stdout":".gitignore\u00003\u0000.vscode\u0000/root/capsule/.vscode/launch.json\u0000","stderr":"fatal: pathspec '/root/capsule/results/210803_drug-baseline-models/MAML_cmd/run_MAML_drugs0.sh' is beyond a symbolic link\n","exitCode":128}
[2022-03-14 14:55:41.752] [exthost] [error] {"message":"Git error","stdout":".gitignore\u00003\u0000.vscode\u0000/root/capsule/.vscode/launch.json\u0000","stderr":"fatal: pathspec '/root/capsule/results/210803_drug-baseline-models/MAML_cmd/run_MAML_drugs0.sh' is beyond a symbolic link\n","exitCode":128}
[2022-03-14 14:55:41.752] [exthost] [error] {"message":"Git error","stdout":".gitignore\u00003\u0000.vscode\u0000/root/capsule/.vscode/launch.json\u0000","stderr":"fatal: pathspec '/root/capsule/results/210803_drug-baseline-models/MAML_cmd/run_MAML_drugs0.sh' is beyond a symbolic link\n","exitCode":128}
[2022-03-14 14:55:41.752] [exthost] [error] {"message":"Git error","stdout":".gitignore\u00003\u0000.vscode\u0000/root/capsule/.vscode/launch.json\u0000","stderr":"fatal: pathspec '/root/capsule/results/210803_drug-baseline-models/MAML_cmd/run_MAML_drugs0.sh' is beyond a symbolic link\n","exitCode":128}
[2022-03-14 14:55:41.752] [exthost] [error] {"message":"Git error","stdout":".gitignore\u00003\u0000.vscode\u0000/root/capsule/.vscode/launch.json\u0000","stderr":"fatal: pathspec '/root/capsule/results/210803_drug-baseline-models/MAML_cmd/run_MAML_drugs0.sh' is beyond a symbolic link\n","exitCode":128}
[2022-03-14 14:55:41.752] [exthost] [error] {"message":"Git error","stdout":".gitignore\u00003\u0000.vscode\u0000/root/capsule/.vscode/launch.json\u0000","stderr":"fatal: pathspec '/root/capsule/results/210803_drug-baseline-models/MAML_cmd/run_MAML_drugs0.sh' is beyond a symbolic link\n","exitCode":128}
[2022-03-14 14:55:41.752] [exthost] [error] {"message":"Git error","stdout":".gitignore\u00003\u0000.vscode\u0000/root/capsule/.vscode/launch.json\u0000","stderr":"fatal: pathspec '/root/capsule/results/210803_drug-baseline-models/MAML_cmd/run_MAML_drugs0.sh' is beyond a symbolic link\n","exitCode":128}
[2022-03-14 14:55:41.752] [exthost] [error] {"message":"Git error","stdout":".gitignore\u00003\u0000.vscode\u0000/root/capsule/.vscode/launch.json\u0000","stderr":"fatal: pathspec '/root/capsule/results/210803_drug-baseline-models/MAML_cmd/run_MAML_drugs0.sh' is beyond a symbolic link\n","exitCode":128}
[2022-03-14 14:55:41.752] [exthost] [error] {"message":"Git error","stdout":".gitignore\u00003\u0000.vscode\u0000/root/capsule/.vscode/launch.json\u0000","stderr":"fatal: pathspec '/root/capsule/results/210803_drug-baseline-models/MAML_cmd/run_MAML_drugs0.sh' is beyond a symbolic link\n","exitCode":128}
[2022-03-14 14:55:41.752] [exthost] [error] {"message":"Git error","stdout":".gitignore\u00003\u0000.vscode\u0000/root/capsule/.vscode/launch.json\u0000","stderr":"fatal: pathspec '/root/capsule/results/210803_drug-baseline-models/MAML_cmd/run_MAML_drugs0.sh' is beyond a symbolic link\n","exitCode":128}
[2022-03-14 14:55:41.752] [exthost] [error] {"message":"Git error","stdout":".gitignore\u00003\u0000.vscode\u0000/root/capsule/.vscode/launch.json\u0000","stderr":"fatal: pathspec '/root/capsule/results/210803_drug-baseline-models/MAML_cmd/run_MAML_drugs0.sh' is beyond a symbolic link\n","exitCode":128}
[2022-03-14 14:55:41.752] [exthost] [error] {"message":"Git error","stdout":".gitignore\u00003\u0000.vscode\u0000/root/capsule/.vscode/launch.json\u0000","stderr":"fatal: pathspec '/root/capsule/results/210803_drug-baseline-models/MAML_cmd/run_MAML_drugs0.sh' is beyond a symbolic link\n","exitCode":128}
[2022-03-14 14:55:41.752] [exthost] [error] {"message":"Git error","stdout":".gitignore\u00003\u0000.vscode\u0000/root/capsule/.vscode/launch.json\u0000","stderr":"fatal: pathspec '/root/capsule/results/210803_drug-baseline-models/MAML_cmd/run_MAML_drugs0.sh' is beyond a symbolic link\n","exitCode":128}
[2022-03-14 14:55:41.752] [exthost] [error] {"message":"Git error","stdout":".gitignore\u00003\u0000.vscode\u0000/root/capsule/.vscode/launch.json\u0000","stderr":"fatal: pathspec '/root/capsule/results/210803_drug-baseline-models/MAML_cmd/run_MAML_drugs0.sh' is beyond a symbolic link\n","exitCode":128}
[2022-03-14 14:55:41.752] [exthost] [error] {"message":"Git error","stdout":".gitignore\u00003\u0000.vscode\u0000/root/capsule/.vscode/launch.json\u0000","stderr":"fatal: pathspec '/root/capsule/results/210803_drug-baseline-models/MAML_cmd/run_MAML_drugs0.sh' is beyond a symbolic link\n","exitCode":128}
[2022-03-14 14:55:41.752] [exthost] [error] {"message":"Git error","stdout":".gitignore\u00003\u0000.vscode\u0000/root/capsule/.vscode/launch.json\u0000","stderr":"fatal: pathspec '/root/capsule/results/210803_drug-baseline-models/MAML_cmd/run_MAML_drugs0.sh' is beyond a symbolic link\n","exitCode":128}
[2022-03-14 14:55:41.752] [exthost] [error] {"message":"Git error","stdout":".gitignore\u00003\u0000.vscode\u0000/root/capsule/.vscode/launch.json\u0000","stderr":"fatal: pathspec '/root/capsule/results/210803_drug-baseline-models/MAML_cmd/run_MAML_drugs0.sh' is beyond a symbolic link\n","exitCode":128}
[2022-03-14 14:55:41.752] [exthost] [error] {"message":"Git error","stdout":".gitignore\u00003\u0000.vscode\u0000/root/capsule/.vscode/launch.json\u0000","stderr":"fatal: pathspec '/root/capsule/results/210803_drug-baseline-models/MAML_cmd/run_MAML_drugs0.sh' is beyond a symbolic link\n","exitCode":128}
[2022-03-14 14:55:41.752] [exthost] [error] {"message":"Git error","stdout":".gitignore\u00003\u0000.vscode\u0000/root/capsule/.vscode/launch.json\u0000","stderr":"fatal: pathspec '/root/capsule/results/210803_drug-baseline-models/MAML_cmd/run_MAML_drugs0.sh' is beyond a symbolic link\n","exitCode":128}
[2022-03-14 14:55:41.752] [exthost] [error] {"message":"Git error","stdout":".gitignore\u00003\u0000.vscode\u0000/root/capsule/.vscode/launch.json\u0000","stderr":"fatal: pathspec '/root/capsule/results/210803_drug-baseline-models/MAML_cmd/run_MAML_drugs0.sh' is beyond a symbolic link\n","exitCode":128}
[2022-03-14 14:55:41.752] [exthost] [error] {"message":"Git error","stdout":".gitignore\u00003\u0000.vscode\u0000/root/capsule/.vscode/launch.json\u0000","stderr":"fatal: pathspec '/root/capsule/results/210803_drug-baseline-models/MAML_cmd/run_MAML_drugs0.sh' is beyond a symbolic link\n","exitCode":128}
[2022-03-14 14:55:41.752] [exthost] [error] {"message":"Git error","stdout":".gitignore\u00003\u0000.vscode\u0000/root/capsule/.vscode/launch.json\u0000","stderr":"fatal: pathspec '/root/capsule/results/210803_drug-baseline-models/MAML_cmd/run_MAML_drugs0.sh' is beyond a symbolic link\n","exitCode":128}
[2022-03-14 14:55:41.752] [exthost] [error] {"message":"Git error","stdout":".gitignore\u00003\u0000.vscode\u0000/root/capsule/.vscode/launch.json\u0000","stderr":"fatal: pathspec '/root/capsule/results/210803_drug-baseline-models/MAML_cmd/run_MAML_drugs0.sh' is beyond a symbolic link\n","exitCode":128}
[2022-03-14 14:55:41.752] [exthost] [error] {"message":"Git error","stdout":".gitignore\u00003\u0000.vscode\u0000/root/capsule/.vscode/launch.json\u0000","stderr":"fatal: pathspec '/root/capsule/results/210803_drug-baseline-models/MAML_cmd/run_MAML_drugs0.sh' is beyond a symbolic link\n","exitCode":128}
[2022-03-14 14:55:41.752] [exthost] [error] {"message":"Git error","stdout":".gitignore\u00003\u0000.vscode\u0000/root/capsule/.vscode/launch.json\u0000","stderr":"fatal: pathspec '/root/capsule/results/210803_drug-baseline-models/MAML_cmd/run_MAML_drugs0.sh' is beyond a symbolic link\n","exitCode":128}
[2022-03-14 14:55:41.752] [exthost] [error] {"message":"Git error","stdout":".gitignore\u00003\u0000.vscode\u0000/root/capsule/.vscode/launch.json\u0000","stderr":"fatal: pathspec '/root/capsule/results/210803_drug-baseline-models/MAML_cmd/run_MAML_drugs0.sh' is beyond a symbolic link\n","exitCode":128}
[2022-03-14 14:55:41.752] [exthost] [error] {"message":"Git error","stdout":".gitignore\u00003\u0000.vscode\u0000/root/capsule/.vscode/launch.json\u0000","stderr":"fatal: pathspec '/root/capsule/results/210803_drug-baseline-models/MAML_cmd/run_MAML_drugs0.sh' is beyond a symbolic link\n","exitCode":128}
[2022-03-14 14:55:41.752] [exthost] [error] {"message":"Git error","stdout":".gitignore\u00003\u0000.vscode\u0000/root/capsule/.vscode/launch.json\u0000","stderr":"fatal: pathspec '/root/capsule/results/210803_drug-baseline-models/MAML_cmd/run_MAML_drugs0.sh' is beyond a symbolic link\n","exitCode":128}
[2022-03-14 14:55:41.752] [exthost] [error] {"message":"Git error","stdout":".gitignore\u00003\u0000.vscode\u0000/root/capsule/.vscode/launch.json\u0000","stderr":"fatal: pathspec '/root/capsule/results/210803_drug-baseline-models/MAML_cmd/run_MAML_drugs0.sh' is beyond a symbolic link\n","exitCode":128}
[2022-03-14 14:55:41.752] [exthost] [error] {"message":"Git error","stdout":".gitignore\u00003\u0000.vscode\u0000/root/capsule/.vscode/launch.json\u0000","stderr":"fatal: pathspec '/root/capsule/results/210803_drug-baseline-models/MAML_cmd/run_MAML_drugs0.sh' is beyond a symbolic link\n","exitCode":128}
[2022-03-14 14:55:41.752] [exthost] [error] {"message":"Git error","stdout":".gitignore\u00003\u0000.vscode\u0000/root/capsule/.vscode/launch.json\u0000","stderr":"fatal: pathspec '/root/capsule/results/210803_drug-baseline-models/MAML_cmd/run_MAML_drugs0.sh' is beyond a symbolic link\n","exitCode":128}
[2022-03-14 14:55:41.752] [exthost] [error] {"message":"Git error","stdout":".gitignore\u00003\u0000.vscode\u0000/root/capsule/.vscode/launch.json\u0000","stderr":"fatal: pathspec '/root/capsule/results/210803_drug-baseline-models/MAML_cmd/run_MAML_drugs0.sh' is beyond a symbolic link\n","exitCode":128}
[2022-03-14 14:55:41.752] [exthost] [error] {"message":"Git error","stdout":".gitignore\u00003\u0000.vscode\u0000/root/capsule/.vscode/launch.json\u0000","stderr":"fatal: pathspec '/root/capsule/results/210803_drug-baseline-models/MAML_cmd/run_MAML_drugs0.sh' is beyond a symbolic link\n","exitCode":128}
[2022-03-14 14:55:41.752] [exthost] [error] {"message":"Git error","stdout":".gitignore\u00003\u0000.vscode\u0000/root/capsule/.vscode/launch.json\u0000","stderr":"fatal: pathspec '/root/capsule/results/210803_drug-baseline-models/MAML_cmd/run_MAML_drugs0.sh' is beyond a symbolic link\n","exitCode":128}
[2022-03-14 14:55:41.752] [exthost] [error] {"message":"Git error","stdout":".gitignore\u00003\u0000.vscode\u0000/root/capsule/.vscode/launch.json\u0000","stderr":"fatal: pathspec '/root/capsule/results/210803_drug-baseline-models/MAML_cmd/run_MAML_drugs0.sh' is beyond a symbolic link\n","exitCode":128}
[2022-03-14 14:55:41.752] [exthost] [error] {"message":"Git error","stdout":".gitignore\u00003\u0000.vscode\u0000/root/capsule/.vscode/launch.json\u0000","stderr":"fatal: pathspec '/root/capsule/results/210803_drug-baseline-models/MAML_cmd/run_MAML_drugs0.sh' is beyond a symbolic link\n","exitCode":128}
[2022-03-14 14:55:41.752] [exthost] [error] {"message":"Git error","stdout":".gitignore\u00003\u0000.vscode\u0000/root/capsule/.vscode/launch.json\u0000","stderr":"fatal: pathspec '/root/capsule/results/210803_drug-baseline-models/MAML_cmd/run_MAML_drugs0.sh' is beyond a symbolic link\n","exitCode":128}
[2022-03-14 14:55:41.752] [exthost] [error] {"message":"Git error","stdout":".gitignore\u00003\u0000.vscode\u0000/root/capsule/.vscode/launch.json\u0000","stderr":"fatal: pathspec '/root/capsule/results/210803_drug-baseline-models/MAML_cmd/run_MAML_drugs0.sh' is beyond a symbolic link\n","exitCode":128}
[2022-03-14 14:55:41.752] [exthost] [error] {"message":"Git error","stdout":".gitignore\u00003\u0000.vscode\u0000/root/capsule/.vscode/launch.json\u0000","stderr":"fatal: pathspec '/root/capsule/results/210803_drug-baseline-models/MAML_cmd/run_MAML_drugs0.sh' is beyond a symbolic link\n","exitCode":128}
[2022-03-14 14:55:41.752] [exthost] [error] {"message":"Git error","stdout":".gitignore\u00003\u0000.vscode\u0000/root/capsule/.vscode/launch.json\u0000","stderr":"fatal: pathspec '/root/capsule/results/210803_drug-baseline-models/MAML_cmd/run_MAML_drugs0.sh' is beyond a symbolic link\n","exitCode":128}
[2022-03-14 14:55:41.752] [exthost] [error] {"message":"Git error","stdout":".gitignore\u00003\u0000.vscode\u0000/root/capsule/.vscode/launch.json\u0000","stderr":"fatal: pathspec '/root/capsule/results/210803_drug-baseline-models/MAML_cmd/run_MAML_drugs0.sh' is beyond a symbolic link\n","exitCode":128}
[2022-03-14 14:55:41.752] [exthost] [error] {"message":"Git error","stdout":".gitignore\u00003\u0000.vscode\u0000/root/capsule/.vscode/launch.json\u0000","stderr":"fatal: pathspec '/root/capsule/results/210803_drug-baseline-models/MAML_cmd/run_MAML_drugs0.sh' is beyond a symbolic link\n","exitCode":128}
[2022-03-14 14:55:41.752] [exthost] [error] {"message":"Git error","stdout":".gitignore\u00003\u0000.vscode\u0000/root/capsule/.vscode/launch.json\u0000","stderr":"fatal: pathspec '/root/capsule/results/210803_drug-baseline-models/MAML_cmd/run_MAML_drugs0.sh' is beyond a symbolic link\n","exitCode":128}
[2022-03-14 14:55:41.752] [exthost] [error] {"message":"Git error","stdout":".gitignore\u00003\u0000.vscode\u0000/root/capsule/.vscode/launch.json\u0000","stderr":"fatal: pathspec '/root/capsule/results/210803_drug-baseline-models/MAML_cmd/run_MAML_drugs0.sh' is beyond a symbolic link\n","exitCode":128}
[2022-03-14 14:55:41.752] [exthost] [error] {"message":"Git error","stdout":".gitignore\u00003\u0000.vscode\u0000/root/capsule/.vscode/launch.json\u0000","stderr":"fatal: pathspec '/root/capsule/results/210803_drug-baseline-models/MAML_cmd/run_MAML_drugs0.sh' is beyond a symbolic link\n","exitCode":128}
[2022-03-14 14:55:41.752] [exthost] [error] {"message":"Git error","stdout":".gitignore\u00003\u0000.vscode\u0000/root/capsule/.vscode/launch.json\u0000","stderr":"fatal: pathspec '/root/capsule/results/210803_drug-baseline-models/MAML_cmd/run_MAML_drugs0.sh' is beyond a symbolic link\n","exitCode":128}
[2022-03-14 14:55:41.752] [exthost] [error] {"message":"Git error","stdout":".gitignore\u00003\u0000.vscode\u0000/root/capsule/.vscode/launch.json\u0000","stderr":"fatal: pathspec '/root/capsule/results/210803_drug-baseline-models/MAML_cmd/run_MAML_drugs0.sh' is beyond a symbolic link\n","exitCode":128}
[2022-03-14 14:55:41.752] [exthost] [error] {"message":"Git error","stdout":".gitignore\u00003\u0000.vscode\u0000/root/capsule/.vscode/launch.json\u0000","stderr":"fatal: pathspec '/root/capsule/results/210803_drug-baseline-models/MAML_cmd/run_MAML_drugs0.sh' is beyond a symbolic link\n","exitCode":128}
[2022-03-14 14:55:41.752] [exthost] [error] {"message":"Git error","stdout":".gitignore\u00003\u0000.vscode\u0000/root/capsule/.vscode/launch.json\u0000","stderr":"fatal: pathspec '/root/capsule/results/210803_drug-baseline-models/MAML_cmd/run_MAML_drugs0.sh' is beyond a symbolic link\n","exitCode":128}
[2022-03-14 14:55:41.752] [exthost] [error] {"message":"Git error","stdout":".gitignore\u00003\u0000.vscode\u0000/root/capsule/.vscode/launch.json\u0000","stderr":"fatal: pathspec '/root/capsule/results/210803_drug-baseline-models/MAML_cmd/run_MAML_drugs0.sh' is beyond a symbolic link\n","exitCode":128}
[2022-03-14 14:55:41.752] [exthost] [error] {"message":"Git error","stdout":".gitignore\u00003\u0000.vscode\u0000/root/capsule/.vscode/launch.json\u0000","stderr":"fatal: pathspec '/root/capsule/results/210803_drug-baseline-models/MAML_cmd/run_MAML_drugs0.sh' is beyond a symbolic link\n","exitCode":128}
[2022-03-14 14:55:41.753] [exthost] [error] {"message":"Git error","stdout":".gitignore\u00003\u0000.vscode\u0000/root/capsule/.vscode/launch.json\u0000","stderr":"fatal: pathspec '/root/capsule/results/210803_drug-baseline-models/MAML_cmd/run_MAML_drugs0.sh' is beyond a symbolic link\n","exitCode":128}
[2022-03-14 14:55:41.753] [exthost] [error] {"message":"Git error","stdout":".gitignore\u00003\u0000.vscode\u0000/root/capsule/.vscode/launch.json\u0000","stderr":"fatal: pathspec '/root/capsule/results/210803_drug-baseline-models/MAML_cmd/run_MAML_drugs0.sh' is beyond a symbolic link\n","exitCode":128}
[2022-03-14 14:55:41.753] [exthost] [error] {"message":"Git error","stdout":".gitignore\u00003\u0000.vscode\u0000/root/capsule/.vscode/launch.json\u0000","stderr":"fatal: pathspec '/root/capsule/results/210803_drug-baseline-models/MAML_cmd/run_MAML_drugs0.sh' is beyond a symbolic link\n","exitCode":128}
[2022-03-14 14:55:41.753] [exthost] [error] {"message":"Git error","stdout":".gitignore\u00003\u0000.vscode\u0000/root/capsule/.vscode/launch.json\u0000","stderr":"fatal: pathspec '/root/capsule/results/210803_drug-baseline-models/MAML_cmd/run_MAML_drugs0.sh' is beyond a symbolic link\n","exitCode":128}
[2022-03-14 14:55:41.753] [exthost] [error] {"message":"Git error","stdout":".gitignore\u00003\u0000.vscode\u0000/root/capsule/.vscode/launch.json\u0000","stderr":"fatal: pathspec '/root/capsule/results/210803_drug-baseline-models/MAML_cmd/run_MAML_drugs0.sh' is beyond a symbolic link\n","exitCode":128}
[2022-03-14 14:55:41.753] [exthost] [error] {"message":"Git error","stdout":".gitignore\u00003\u0000.vscode\u0000/root/capsule/.vscode/launch.json\u0000","stderr":"fatal: pathspec '/root/capsule/results/210803_drug-baseline-models/MAML_cmd/run_MAML_drugs0.sh' is beyond a symbolic link\n","exitCode":128}
[2022-03-14 14:55:41.753] [exthost] [error] {"message":"Git error","stdout":".gitignore\u00003\u0000.vscode\u0000/root/capsule/.vscode/launch.json\u0000","stderr":"fatal: pathspec '/root/capsule/results/210803_drug-baseline-models/MAML_cmd/run_MAML_drugs0.sh' is beyond a symbolic link\n","exitCode":128}
[2022-03-14 14:55:41.753] [exthost] [error] {"message":"Git error","stdout":".gitignore\u00003\u0000.vscode\u0000/root/capsule/.vscode/launch.json\u0000","stderr":"fatal: pathspec '/root/capsule/results/210803_drug-baseline-models/MAML_cmd/run_MAML_drugs0.sh' is beyond a symbolic link\n","exitCode":128}
[2022-03-14 14:55:41.753] [exthost] [error] {"message":"Git error","stdout":".gitignore\u00003\u0000.vscode\u0000/root/capsule/.vscode/launch.json\u0000","stderr":"fatal: pathspec '/root/capsule/results/210803_drug-baseline-models/MAML_cmd/run_MAML_drugs0.sh' is beyond a symbolic link\n","exitCode":128}
[2022-03-14 14:55:41.753] [exthost] [error] {"message":"Git error","stdout":".gitignore\u00003\u0000.vscode\u0000/root/capsule/.vscode/launch.json\u0000","stderr":"fatal: pathspec '/root/capsule/results/210803_drug-baseline-models/MAML_cmd/run_MAML_drugs0.sh' is beyond a symbolic link\n","exitCode":128}
[2022-03-14 14:55:41.753] [exthost] [error] {"message":"Git error","stdout":".gitignore\u00003\u0000.vscode\u0000/root/capsule/.vscode/launch.json\u0000","stderr":"fatal: pathspec '/root/capsule/results/210803_drug-baseline-models/MAML_cmd/run_MAML_drugs0.sh' is beyond a symbolic link\n","exitCode":128}
[2022-03-14 14:55:41.753] [exthost] [error] {"message":"Git error","stdout":".gitignore\u00003\u0000.vscode\u0000/root/capsule/.vscode/launch.json\u0000","stderr":"fatal: pathspec '/root/capsule/results/210803_drug-baseline-models/MAML_cmd/run_MAML_drugs0.sh' is beyond a symbolic link\n","exitCode":128}
[2022-03-14 14:55:41.753] [exthost] [error] {"message":"Git error","stdout":".gitignore\u00003\u0000.vscode\u0000/root/capsule/.vscode/launch.json\u0000","stderr":"fatal: pathspec '/root/capsule/results/210803_drug-baseline-models/MAML_cmd/run_MAML_drugs0.sh' is beyond a symbolic link\n","exitCode":128}
[2022-03-14 14:55:41.753] [exthost] [error] {"message":"Git error","stdout":".gitignore\u00003\u0000.vscode\u0000/root/capsule/.vscode/launch.json\u0000","stderr":"fatal: pathspec '/root/capsule/results/210803_drug-baseline-models/MAML_cmd/run_MAML_drugs0.sh' is beyond a symbolic link\n","exitCode":128}
[2022-03-14 14:55:41.753] [exthost] [error] {"message":"Git error","stdout":".gitignore\u00003\u0000.vscode\u0000/root/capsule/.vscode/launch.json\u0000","stderr":"fatal: pathspec '/root/capsule/results/210803_drug-baseline-models/MAML_cmd/run_MAML_drugs0.sh' is beyond a symbolic link\n","exitCode":128}
[2022-03-14 14:55:41.753] [exthost] [error] {"message":"Git error","stdout":".gitignore\u00003\u0000.vscode\u0000/root/capsule/.vscode/launch.json\u0000","stderr":"fatal: pathspec '/root/capsule/results/210803_drug-baseline-models/MAML_cmd/run_MAML_drugs0.sh' is beyond a symbolic link\n","exitCode":128}
[2022-03-14 14:55:41.753] [exthost] [error] {"message":"Git error","stdout":".gitignore\u00003\u0000.vscode\u0000/root/capsule/.vscode/launch.json\u0000","stderr":"fatal: pathspec '/root/capsule/results/210803_drug-baseline-models/MAML_cmd/run_MAML_drugs0.sh' is beyond a symbolic link\n","exitCode":128}
[2022-03-14 14:55:41.753] [exthost] [error] {"message":"Git error","stdout":".gitignore\u00003\u0000.vscode\u0000/root/capsule/.vscode/launch.json\u0000","stderr":"fatal: pathspec '/root/capsule/results/210803_drug-baseline-models/MAML_cmd/run_MAML_drugs0.sh' is beyond a symbolic link\n","exitCode":128}
[2022-03-14 14:55:41.753] [exthost] [error] {"message":"Git error","stdout":".gitignore\u00003\u0000.vscode\u0000/root/capsule/.vscode/launch.json\u0000","stderr":"fatal: pathspec '/root/capsule/results/210803_drug-baseline-models/MAML_cmd/run_MAML_drugs0.sh' is beyond a symbolic link\n","exitCode":128}
[2022-03-14 14:55:41.753] [exthost] [error] {"message":"Git error","stdout":".gitignore\u00003\u0000.vscode\u0000/root/capsule/.vscode/launch.json\u0000","stderr":"fatal: pathspec '/root/capsule/results/210803_drug-baseline-models/MAML_cmd/run_MAML_drugs0.sh' is beyond a symbolic link\n","exitCode":128}
[2022-03-14 14:55:41.753] [exthost] [error] {"message":"Git error","stdout":".gitignore\u00003\u0000.vscode\u0000/root/capsule/.vscode/launch.json\u0000","stderr":"fatal: pathspec '/root/capsule/results/210803_drug-baseline-models/MAML_cmd/run_MAML_drugs0.sh' is beyond a symbolic link\n","exitCode":128}
[2022-03-14 14:55:41.753] [exthost] [error] {"message":"Git error","stdout":".gitignore\u00003\u0000.vscode\u0000/root/capsule/.vscode/launch.json\u0000","stderr":"fatal: pathspec '/root/capsule/results/210803_drug-baseline-models/MAML_cmd/run_MAML_drugs0.sh' is beyond a symbolic link\n","exitCode":128}
[2022-03-14 14:55:41.753] [exthost] [error] {"message":"Git error","stdout":".gitignore\u00003\u0000.vscode\u0000/root/capsule/.vscode/launch.json\u0000","stderr":"fatal: pathspec '/root/capsule/results/210803_drug-baseline-models/MAML_cmd/run_MAML_drugs0.sh' is beyond a symbolic link\n","exitCode":128}
[2022-03-14 14:55:41.753] [exthost] [error] {"message":"Git error","stdout":".gitignore\u00003\u0000.vscode\u0000/root/capsule/.vscode/launch.json\u0000","stderr":"fatal: pathspec '/root/capsule/results/210803_drug-baseline-models/MAML_cmd/run_MAML_drugs0.sh' is beyond a symbolic link\n","exitCode":128}
[2022-03-14 14:55:41.753] [exthost] [error] {"message":"Git error","stdout":".gitignore\u00003\u0000.vscode\u0000/root/capsule/.vscode/launch.json\u0000","stderr":"fatal: pathspec '/root/capsule/results/210803_drug-baseline-models/MAML_cmd/run_MAML_drugs0.sh' is beyond a symbolic link\n","exitCode":128}
[2022-03-14 14:55:41.753] [exthost] [error] {"message":"Git error","stdout":".gitignore\u00003\u0000.vscode\u0000/root/capsule/.vscode/launch.json\u0000","stderr":"fatal: pathspec '/root/capsule/results/210803_drug-baseline-models/MAML_cmd/run_MAML_drugs0.sh' is beyond a symbolic link\n","exitCode":128}
[2022-03-14 14:55:41.753] [exthost] [error] {"message":"Git error","stdout":".gitignore\u00003\u0000.vscode\u0000/root/capsule/.vscode/launch.json\u0000","stderr":"fatal: pathspec '/root/capsule/results/210803_drug-baseline-models/MAML_cmd/run_MAML_drugs0.sh' is beyond a symbolic link\n","exitCode":128}
[2022-03-14 14:55:41.753] [exthost] [error] {"message":"Git error","stdout":".gitignore\u00003\u0000.vscode\u0000/root/capsule/.vscode/launch.json\u0000","stderr":"fatal: pathspec '/root/capsule/results/210803_drug-baseline-models/MAML_cmd/run_MAML_drugs0.sh' is beyond a symbolic link\n","exitCode":128}
[2022-03-14 14:55:41.753] [exthost] [error] {"message":"Git error","stdout":".gitignore\u00003\u0000.vscode\u0000/root/capsule/.vscode/launch.json\u0000","stderr":"fatal: pathspec '/root/capsule/results/210803_drug-baseline-models/MAML_cmd/run_MAML_drugs0.sh' is beyond a symbolic link\n","exitCode":128}
[2022-03-14 14:55:41.753] [exthost] [error] {"message":"Git error","stdout":".gitignore\u00003\u0000.vscode\u0000/root/capsule/.vscode/launch.json\u0000","stderr":"fatal: pathspec '/root/capsule/results/210803_drug-baseline-models/MAML_cmd/run_MAML_drugs0.sh' is beyond a symbolic link\n","exitCode":128}
[2022-03-14 14:55:41.753] [exthost] [error] {"message":"Git error","stdout":".gitignore\u00003\u0000.vscode\u0000/root/capsule/.vscode/launch.json\u0000","stderr":"fatal: pathspec '/root/capsule/results/210803_drug-baseline-models/MAML_cmd/run_MAML_drugs0.sh' is beyond a symbolic link\n","exitCode":128}
[2022-03-14 14:55:41.753] [exthost] [error] {"message":"Git error","stdout":".gitignore\u00003\u0000.vscode\u0000/root/capsule/.vscode/launch.json\u0000","stderr":"fatal: pathspec '/root/capsule/results/210803_drug-baseline-models/MAML_cmd/run_MAML_drugs0.sh' is beyond a symbolic link\n","exitCode":128}
[2022-03-14 14:55:41.753] [exthost] [error] {"message":"Git error","stdout":".gitignore\u00003\u0000.vscode\u0000/root/capsule/.vscode/launch.json\u0000","stderr":"fatal: pathspec '/root/capsule/results/210803_drug-baseline-models/MAML_cmd/run_MAML_drugs0.sh' is beyond a symbolic link\n","exitCode":128}
[2022-03-14 14:55:41.753] [exthost] [error] {"message":"Git error","stdout":".gitignore\u00003\u0000.vscode\u0000/root/capsule/.vscode/launch.json\u0000","stderr":"fatal: pathspec '/root/capsule/results/210803_drug-baseline-models/MAML_cmd/run_MAML_drugs0.sh' is beyond a symbolic link\n","exitCode":128}
[2022-03-14 14:55:41.753] [exthost] [error] {"message":"Git error","stdout":".gitignore\u00003\u0000.vscode\u0000/root/capsule/.vscode/launch.json\u0000","stderr":"fatal: pathspec '/root/capsule/results/210803_drug-baseline-models/MAML_cmd/run_MAML_drugs0.sh' is beyond a symbolic link\n","exitCode":128}
[2022-03-14 14:55:41.753] [exthost] [error] {"message":"Git error","stdout":".gitignore\u00003\u0000.vscode\u0000/root/capsule/.vscode/launch.json\u0000","stderr":"fatal: pathspec '/root/capsule/results/210803_drug-baseline-models/MAML_cmd/run_MAML_drugs0.sh' is beyond a symbolic link\n","exitCode":128}
[2022-03-14 14:55:41.753] [exthost] [error] {"message":"Git error","stdout":".gitignore\u00003\u0000.vscode\u0000/root/capsule/.vscode/launch.json\u0000","stderr":"fatal: pathspec '/root/capsule/results/210803_drug-baseline-models/MAML_cmd/run_MAML_drugs0.sh' is beyond a symbolic link\n","exitCode":128}
[2022-03-14 14:55:41.753] [exthost] [error] {"message":"Git error","stdout":".gitignore\u00003\u0000.vscode\u0000/root/capsule/.vscode/launch.json\u0000","stderr":"fatal: pathspec '/root/capsule/results/210803_drug-baseline-models/MAML_cmd/run_MAML_drugs0.sh' is beyond a symbolic link\n","exitCode":128}
[2022-03-14 14:55:41.753] [exthost] [error] {"message":"Git error","stdout":".gitignore\u00003\u0000.vscode\u0000/root/capsule/.vscode/launch.json\u0000","stderr":"fatal: pathspec '/root/capsule/results/210803_drug-baseline-models/MAML_cmd/run_MAML_drugs0.sh' is beyond a symbolic link\n","exitCode":128}
[2022-03-14 14:55:41.753] [exthost] [error] {"message":"Git error","stdout":".gitignore\u00003\u0000.vscode\u0000/root/capsule/.vscode/launch.json\u0000","stderr":"fatal: pathspec '/root/capsule/results/210803_drug-baseline-models/MAML_cmd/run_MAML_drugs0.sh' is beyond a symbolic link\n","exitCode":128}
[2022-03-14 14:55:41.753] [exthost] [error] {"message":"Git error","stdout":".gitignore\u00003\u0000.vscode\u0000/root/capsule/.vscode/launch.json\u0000","stderr":"fatal: pathspec '/root/capsule/results/210803_drug-baseline-models/MAML_cmd/run_MAML_drugs0.sh' is beyond a symbolic link\n","exitCode":128}
[2022-03-14 14:55:41.753] [exthost] [error] {"message":"Git error","stdout":".gitignore\u00003\u0000.vscode\u0000/root/capsule/.vscode/launch.json\u0000","stderr":"fatal: pathspec '/root/capsule/results/210803_drug-baseline-models/MAML_cmd/run_MAML_drugs0.sh' is beyond a symbolic link\n","exitCode":128}
[2022-03-14 14:55:41.753] [exthost] [error] {"message":"Git error","stdout":".gitignore\u00003\u0000.vscode\u0000/root/capsule/.vscode/launch.json\u0000","stderr":"fatal: pathspec '/root/capsule/results/210803_drug-baseline-models/MAML_cmd/run_MAML_drugs0.sh' is beyond a symbolic link\n","exitCode":128}
[2022-03-14 14:55:41.753] [exthost] [error] {"message":"Git error","stdout":".gitignore\u00003\u0000.vscode\u0000/root/capsule/.vscode/launch.json\u0000","stderr":"fatal: pathspec '/root/capsule/results/210803_drug-baseline-models/MAML_cmd/run_MAML_drugs0.sh' is beyond a symbolic link\n","exitCode":128}
[2022-03-14 14:55:41.753] [exthost] [error] {"message":"Git error","stdout":".gitignore\u00003\u0000.vscode\u0000/root/capsule/.vscode/launch.json\u0000","stderr":"fatal: pathspec '/root/capsule/results/210803_drug-baseline-models/MAML_cmd/run_MAML_drugs0.sh' is beyond a symbolic link\n","exitCode":128}
[2022-03-14 14:55:41.753] [exthost] [error] {"message":"Git error","stdout":".gitignore\u00003\u0000.vscode\u0000/root/capsule/.vscode/launch.json\u0000","stderr":"fatal: pathspec '/root/capsule/results/210803_drug-baseline-models/MAML_cmd/run_MAML_drugs0.sh' is beyond a symbolic link\n","exitCode":128}
[2022-03-14 14:55:41.753] [exthost] [error] {"message":"Git error","stdout":".gitignore\u00003\u0000.vscode\u0000/root/capsule/.vscode/launch.json\u0000","stderr":"fatal: pathspec '/root/capsule/results/210803_drug-baseline-models/MAML_cmd/run_MAML_drugs0.sh' is beyond a symbolic link\n","exitCode":128}
[2022-03-14 14:55:41.753] [exthost] [error] {"message":"Git error","stdout":".gitignore\u00003\u0000.vscode\u0000/root/capsule/.vscode/launch.json\u0000","stderr":"fatal: pathspec '/root/capsule/results/210803_drug-baseline-models/MAML_cmd/run_MAML_drugs0.sh' is beyond a symbolic link\n","exitCode":128}
[2022-03-14 14:55:41.753] [exthost] [error] {"message":"Git error","stdout":".gitignore\u00003\u0000.vscode\u0000/root/capsule/.vscode/launch.json\u0000","stderr":"fatal: pathspec '/root/capsule/results/210803_drug-baseline-models/MAML_cmd/run_MAML_drugs0.sh' is beyond a symbolic link\n","exitCode":128}
[2022-03-14 14:55:41.753] [exthost] [error] {"message":"Git error","stdout":".gitignore\u00003\u0000.vscode\u0000/root/capsule/.vscode/launch.json\u0000","stderr":"fatal: pathspec '/root/capsule/results/210803_drug-baseline-models/MAML_cmd/run_MAML_drugs0.sh' is beyond a symbolic link\n","exitCode":128}
[2022-03-14 14:55:41.753] [exthost] [error] {"message":"Git error","stdout":".gitignore\u00003\u0000.vscode\u0000/root/capsule/.vscode/launch.json\u0000","stderr":"fatal: pathspec '/root/capsule/results/210803_drug-baseline-models/MAML_cmd/run_MAML_drugs0.sh' is beyond a symbolic link\n","exitCode":128}
[2022-03-14 14:55:41.753] [exthost] [error] {"message":"Git error","stdout":".gitignore\u00003\u0000.vscode\u0000/root/capsule/.vscode/launch.json\u0000","stderr":"fatal: pathspec '/root/capsule/results/210803_drug-baseline-models/MAML_cmd/run_MAML_drugs0.sh' is beyond a symbolic link\n","exitCode":128}
[2022-03-14 14:55:41.753] [exthost] [error] {"message":"Git error","stdout":".gitignore\u00003\u0000.vscode\u0000/root/capsule/.vscode/launch.json\u0000","stderr":"fatal: pathspec '/root/capsule/results/210803_drug-baseline-models/MAML_cmd/run_MAML_drugs0.sh' is beyond a symbolic link\n","exitCode":128}
[2022-03-14 14:55:41.753] [exthost] [error] {"message":"Git error","stdout":".gitignore\u00003\u0000.vscode\u0000/root/capsule/.vscode/launch.json\u0000","stderr":"fatal: pathspec '/root/capsule/results/210803_drug-baseline-models/MAML_cmd/run_MAML_drugs0.sh' is beyond a symbolic link\n","exitCode":128}
[2022-03-14 14:55:41.753] [exthost] [error] {"message":"Git error","stdout":".gitignore\u00003\u0000.vscode\u0000/root/capsule/.vscode/launch.json\u0000","stderr":"fatal: pathspec '/root/capsule/results/210803_drug-baseline-models/MAML_cmd/run_MAML_drugs0.sh' is beyond a symbolic link\n","exitCode":128}
[2022-03-14 14:55:41.753] [exthost] [error] {"message":"Git error","stdout":".gitignore\u00003\u0000.vscode\u0000/root/capsule/.vscode/launch.json\u0000","stderr":"fatal: pathspec '/root/capsule/results/210803_drug-baseline-models/MAML_cmd/run_MAML_drugs0.sh' is beyond a symbolic link\n","exitCode":128}
[2022-03-14 14:55:41.753] [exthost] [error] {"message":"Git error","stdout":".gitignore\u00003\u0000.vscode\u0000/root/capsule/.vscode/launch.json\u0000","stderr":"fatal: pathspec '/root/capsule/results/210803_drug-baseline-models/MAML_cmd/run_MAML_drugs0.sh' is beyond a symbolic link\n","exitCode":128}
[2022-03-14 14:55:41.753] [exthost] [error] {"message":"Git error","stdout":".gitignore\u00003\u0000.vscode\u0000/root/capsule/.vscode/launch.json\u0000","stderr":"fatal: pathspec '/root/capsule/results/210803_drug-baseline-models/MAML_cmd/run_MAML_drugs0.sh' is beyond a symbolic link\n","exitCode":128}
[2022-03-14 14:55:41.753] [exthost] [error] {"message":"Git error","stdout":".gitignore\u00003\u0000.vscode\u0000/root/capsule/.vscode/launch.json\u0000","stderr":"fatal: pathspec '/root/capsule/results/210803_drug-baseline-models/MAML_cmd/run_MAML_drugs0.sh' is beyond a symbolic link\n","exitCode":128}
[2022-03-14 14:55:41.753] [exthost] [error] {"message":"Git error","stdout":".gitignore\u00003\u0000.vscode\u0000/root/capsule/.vscode/launch.json\u0000","stderr":"fatal: pathspec '/root/capsule/results/210803_drug-baseline-models/MAML_cmd/run_MAML_drugs0.sh' is beyond a symbolic link\n","exitCode":128}
[2022-03-14 14:55:41.753] [exthost] [error] {"message":"Git error","stdout":".gitignore\u00003\u0000.vscode\u0000/root/capsule/.vscode/launch.json\u0000","stderr":"fatal: pathspec '/root/capsule/results/210803_drug-baseline-models/MAML_cmd/run_MAML_drugs0.sh' is beyond a symbolic link\n","exitCode":128}
[2022-03-14 14:55:41.753] [exthost] [error] {"message":"Git error","stdout":".gitignore\u00003\u0000.vscode\u0000/root/capsule/.vscode/launch.json\u0000","stderr":"fatal: pathspec '/root/capsule/results/210803_drug-baseline-models/MAML_cmd/run_MAML_drugs0.sh' is beyond a symbolic link\n","exitCode":128}
[2022-03-14 14:55:41.753] [exthost] [error] {"message":"Git error","stdout":".gitignore\u00003\u0000.vscode\u0000/root/capsule/.vscode/launch.json\u0000","stderr":"fatal: pathspec '/root/capsule/results/210803_drug-baseline-models/MAML_cmd/run_MAML_drugs0.sh' is beyond a symbolic link\n","exitCode":128}
[2022-03-14 14:55:41.753] [exthost] [error] {"message":"Git error","stdout":".gitignore\u00003\u0000.vscode\u0000/root/capsule/.vscode/launch.json\u0000","stderr":"fatal: pathspec '/root/capsule/results/210803_drug-baseline-models/MAML_cmd/run_MAML_drugs0.sh' is beyond a symbolic link\n","exitCode":128}
[2022-03-14 14:55:41.753] [exthost] [error] {"message":"Git error","stdout":".gitignore\u00003\u0000.vscode\u0000/root/capsule/.vscode/launch.json\u0000","stderr":"fatal: pathspec '/root/capsule/results/210803_drug-baseline-models/MAML_cmd/run_MAML_drugs0.sh' is beyond a symbolic link\n","exitCode":128}
[2022-03-14 14:55:41.753] [exthost] [error] {"message":"Git error","stdout":".gitignore\u00003\u0000.vscode\u0000/root/capsule/.vscode/launch.json\u0000","stderr":"fatal: pathspec '/root/capsule/results/210803_drug-baseline-models/MAML_cmd/run_MAML_drugs0.sh' is beyond a symbolic link\n","exitCode":128}
[2022-03-14 14:55:41.753] [exthost] [error] {"message":"Git error","stdout":".gitignore\u00003\u0000.vscode\u0000/root/capsule/.vscode/launch.json\u0000","stderr":"fatal: pathspec '/root/capsule/results/210803_drug-baseline-models/MAML_cmd/run_MAML_drugs0.sh' is beyond a symbolic link\n","exitCode":128}
[2022-03-14 14:55:41.753] [exthost] [error] {"message":"Git error","stdout":".gitignore\u00003\u0000.vscode\u0000/root/capsule/.vscode/launch.json\u0000","stderr":"fatal: pathspec '/root/capsule/results/210803_drug-baseline-models/MAML_cmd/run_MAML_drugs0.sh' is beyond a symbolic link\n","exitCode":128}
[2022-03-14 14:55:41.753] [exthost] [error] {"message":"Git error","stdout":".gitignore\u00003\u0000.vscode\u0000/root/capsule/.vscode/launch.json\u0000","stderr":"fatal: pathspec '/root/capsule/results/210803_drug-baseline-models/MAML_cmd/run_MAML_drugs0.sh' is beyond a symbolic link\n","exitCode":128}
[2022-03-14 14:55:41.753] [exthost] [error] {"message":"Git error","stdout":".gitignore\u00003\u0000.vscode\u0000/root/capsule/.vscode/launch.json\u0000","stderr":"fatal: pathspec '/root/capsule/results/210803_drug-baseline-models/MAML_cmd/run_MAML_drugs0.sh' is beyond a symbolic link\n","exitCode":128}
[2022-03-14 14:55:41.753] [exthost] [error] {"message":"Git error","stdout":".gitignore\u00003\u0000.vscode\u0000/root/capsule/.vscode/launch.json\u0000","stderr":"fatal: pathspec '/root/capsule/results/210803_drug-baseline-models/MAML_cmd/run_MAML_drugs0.sh' is beyond a symbolic link\n","exitCode":128}
[2022-03-14 14:55:41.753] [exthost] [error] {"message":"Git error","stdout":".gitignore\u00003\u0000.vscode\u0000/root/capsule/.vscode/launch.json\u0000","stderr":"fatal: pathspec '/root/capsule/results/210803_drug-baseline-models/MAML_cmd/run_MAML_drugs0.sh' is beyond a symbolic link\n","exitCode":128}
[2022-03-14 14:55:41.753] [exthost] [error] {"message":"Git error","stdout":".gitignore\u00003\u0000.vscode\u0000/root/capsule/.vscode/launch.json\u0000","stderr":"fatal: pathspec '/root/capsule/results/210803_drug-baseline-models/MAML_cmd/run_MAML_drugs0.sh' is beyond a symbolic link\n","exitCode":128}
[2022-03-14 14:55:41.753] [exthost] [error] {"message":"Git error","stdout":".gitignore\u00003\u0000.vscode\u0000/root/capsule/.vscode/launch.json\u0000","stderr":"fatal: pathspec '/root/capsule/results/210803_drug-baseline-models/MAML_cmd/run_MAML_drugs0.sh' is beyond a symbolic link\n","exitCode":128}
[2022-03-14 14:55:41.753] [exthost] [error] {"message":"Git error","stdout":".gitignore\u00003\u0000.vscode\u0000/root/capsule/.vscode/launch.json\u0000","stderr":"fatal: pathspec '/root/capsule/results/210803_drug-baseline-models/MAML_cmd/run_MAML_drugs0.sh' is beyond a symbolic link\n","exitCode":128}
[2022-03-14 14:55:41.754] [exthost] [error] {"message":"Git error","stdout":".gitignore\u00003\u0000.vscode\u0000/root/capsule/.vscode/launch.json\u0000","stderr":"fatal: pathspec '/root/capsule/results/210803_drug-baseline-models/MAML_cmd/run_MAML_drugs0.sh' is beyond a symbolic link\n","exitCode":128}
[2022-03-14 14:55:41.754] [exthost] [error] {"message":"Git error","stdout":".gitignore\u00003\u0000.vscode\u0000/root/capsule/.vscode/launch.json\u0000","stderr":"fatal: pathspec '/root/capsule/results/210803_drug-baseline-models/MAML_cmd/run_MAML_drugs0.sh' is beyond a symbolic link\n","exitCode":128}
[2022-03-14 14:55:41.754] [exthost] [error] {"message":"Git error","stdout":".gitignore\u00003\u0000.vscode\u0000/root/capsule/.vscode/launch.json\u0000","stderr":"fatal: pathspec '/root/capsule/results/210803_drug-baseline-models/MAML_cmd/run_MAML_drugs0.sh' is beyond a symbolic link\n","exitCode":128}
[2022-03-14 14:55:41.754] [exthost] [error] {"message":"Git error","stdout":".gitignore\u00003\u0000.vscode\u0000/root/capsule/.vscode/launch.json\u0000","stderr":"fatal: pathspec '/root/capsule/results/210803_drug-baseline-models/MAML_cmd/run_MAML_drugs0.sh' is beyond a symbolic link\n","exitCode":128}
[2022-03-14 14:55:41.754] [exthost] [error] {"message":"Git error","stdout":".gitignore\u00003\u0000.vscode\u0000/root/capsule/.vscode/launch.json\u0000","stderr":"fatal: pathspec '/root/capsule/results/210803_drug-baseline-models/MAML_cmd/run_MAML_drugs0.sh' is beyond a symbolic link\n","exitCode":128}
[2022-03-14 14:55:41.754] [exthost] [error] {"message":"Git error","stdout":".gitignore\u00003\u0000.vscode\u0000/root/capsule/.vscode/launch.json\u0000","stderr":"fatal: pathspec '/root/capsule/results/210803_drug-baseline-models/MAML_cmd/run_MAML_drugs0.sh' is beyond a symbolic link\n","exitCode":128}
[2022-03-14 14:55:41.754] [exthost] [error] {"message":"Git error","stdout":".gitignore\u00003\u0000.vscode\u0000/root/capsule/.vscode/launch.json\u0000","stderr":"fatal: pathspec '/root/capsule/results/210803_drug-baseline-models/MAML_cmd/run_MAML_drugs0.sh' is beyond a symbolic link\n","exitCode":128}
[2022-03-14 14:55:41.754] [exthost] [error] {"message":"Git error","stdout":".gitignore\u00003\u0000.vscode\u0000/root/capsule/.vscode/launch.json\u0000","stderr":"fatal: pathspec '/root/capsule/results/210803_drug-baseline-models/MAML_cmd/run_MAML_drugs0.sh' is beyond a symbolic link\n","exitCode":128}
[2022-03-14 14:55:41.754] [exthost] [error] {"message":"Git error","stdout":".gitignore\u00003\u0000.vscode\u0000/root/capsule/.vscode/launch.json\u0000","stderr":"fatal: pathspec '/root/capsule/results/210803_drug-baseline-models/MAML_cmd/run_MAML_drugs0.sh' is beyond a symbolic link\n","exitCode":128}
[2022-03-14 14:55:41.754] [exthost] [error] {"message":"Git error","stdout":".gitignore\u00003\u0000.vscode\u0000/root/capsule/.vscode/launch.json\u0000","stderr":"fatal: pathspec '/root/capsule/results/210803_drug-baseline-models/MAML_cmd/run_MAML_drugs0.sh' is beyond a symbolic link\n","exitCode":128}
[2022-03-14 14:55:41.754] [exthost] [error] {"message":"Git error","stdout":".gitignore\u00003\u0000.vscode\u0000/root/capsule/.vscode/launch.json\u0000","stderr":"fatal: pathspec '/root/capsule/results/210803_drug-baseline-models/MAML_cmd/run_MAML_drugs0.sh' is beyond a symbolic link\n","exitCode":128}
[2022-03-14 14:55:41.754] [exthost] [error] {"message":"Git error","stdout":".gitignore\u00003\u0000.vscode\u0000/root/capsule/.vscode/launch.json\u0000","stderr":"fatal: pathspec '/root/capsule/results/210803_drug-baseline-models/MAML_cmd/run_MAML_drugs0.sh' is beyond a symbolic link\n","exitCode":128}
[2022-03-14 14:55:41.754] [exthost] [error] {"message":"Git error","stdout":".gitignore\u00003\u0000.vscode\u0000/root/capsule/.vscode/launch.json\u0000","stderr":"fatal: pathspec '/root/capsule/results/210803_drug-baseline-models/MAML_cmd/run_MAML_drugs0.sh' is beyond a symbolic link\n","exitCode":128}
[2022-03-14 14:55:41.754] [exthost] [error] {"message":"Git error","stdout":".gitignore\u00003\u0000.vscode\u0000/root/capsule/.vscode/launch.json\u0000","stderr":"fatal: pathspec '/root/capsule/results/210803_drug-baseline-models/MAML_cmd/run_MAML_drugs0.sh' is beyond a symbolic link\n","exitCode":128}
[2022-03-14 14:55:41.754] [exthost] [error] {"message":"Git error","stdout":".gitignore\u00003\u0000.vscode\u0000/root/capsule/.vscode/launch.json\u0000","stderr":"fatal: pathspec '/root/capsule/results/210803_drug-baseline-models/MAML_cmd/run_MAML_drugs0.sh' is beyond a symbolic link\n","exitCode":128}
[2022-03-14 14:55:41.754] [exthost] [error] {"message":"Git error","stdout":".gitignore\u00003\u0000.vscode\u0000/root/capsule/.vscode/launch.json\u0000","stderr":"fatal: pathspec '/root/capsule/results/210803_drug-baseline-models/MAML_cmd/run_MAML_drugs0.sh' is beyond a symbolic link\n","exitCode":128}
[2022-03-14 14:55:41.754] [exthost] [error] {"message":"Git error","stdout":".gitignore\u00003\u0000.vscode\u0000/root/capsule/.vscode/launch.json\u0000","stderr":"fatal: pathspec '/root/capsule/results/210803_drug-baseline-models/MAML_cmd/run_MAML_drugs0.sh' is beyond a symbolic link\n","exitCode":128}
[2022-03-14 14:55:41.754] [exthost] [error] {"message":"Git error","stdout":".gitignore\u00003\u0000.vscode\u0000/root/capsule/.vscode/launch.json\u0000","stderr":"fatal: pathspec '/root/capsule/results/210803_drug-baseline-models/MAML_cmd/run_MAML_drugs0.sh' is beyond a symbolic link\n","exitCode":128}
[2022-03-14 14:55:41.754] [exthost] [error] {"message":"Git error","stdout":".gitignore\u00003\u0000.vscode\u0000/root/capsule/.vscode/launch.json\u0000","stderr":"fatal: pathspec '/root/capsule/results/210803_drug-baseline-models/MAML_cmd/run_MAML_drugs0.sh' is beyond a symbolic link\n","exitCode":128}
[2022-03-14 14:55:41.754] [exthost] [error] {"message":"Git error","stdout":".gitignore\u00003\u0000.vscode\u0000/root/capsule/.vscode/launch.json\u0000","stderr":"fatal: pathspec '/root/capsule/results/210803_drug-baseline-models/MAML_cmd/run_MAML_drugs0.sh' is beyond a symbolic link\n","exitCode":128}
[2022-03-14 14:55:41.754] [exthost] [error] {"message":"Git error","stdout":".gitignore\u00003\u0000.vscode\u0000/root/capsule/.vscode/launch.json\u0000","stderr":"fatal: pathspec '/root/capsule/results/210803_drug-baseline-models/MAML_cmd/run_MAML_drugs0.sh' is beyond a symbolic link\n","exitCode":128}
[2022-03-14 14:55:41.754] [exthost] [error] {"message":"Git error","stdout":".gitignore\u00003\u0000.vscode\u0000/root/capsule/.vscode/launch.json\u0000","stderr":"fatal: pathspec '/root/capsule/results/210803_drug-baseline-models/MAML_cmd/run_MAML_drugs0.sh' is beyond a symbolic link\n","exitCode":128}
[2022-03-14 14:55:41.754] [exthost] [error] {"message":"Git error","stdout":".gitignore\u00003\u0000.vscode\u0000/root/capsule/.vscode/launch.json\u0000","stderr":"fatal: pathspec '/root/capsule/results/210803_drug-baseline-models/MAML_cmd/run_MAML_drugs0.sh' is beyond a symbolic link\n","exitCode":128}
[2022-03-14 14:55:41.754] [exthost] [error] {"message":"Git error","stdout":".gitignore\u00003\u0000.vscode\u0000/root/capsule/.vscode/launch.json\u0000","stderr":"fatal: pathspec '/root/capsule/results/210803_drug-baseline-models/MAML_cmd/run_MAML_drugs0.sh' is beyond a symbolic link\n","exitCode":128}
[2022-03-14 14:55:41.754] [exthost] [error] {"message":"Git error","stdout":".gitignore\u00003\u0000.vscode\u0000/root/capsule/.vscode/launch.json\u0000","stderr":"fatal: pathspec '/root/capsule/results/210803_drug-baseline-models/MAML_cmd/run_MAML_drugs0.sh' is beyond a symbolic link\n","exitCode":128}
[2022-03-14 14:55:41.754] [exthost] [error] {"message":"Git error","stdout":".gitignore\u00003\u0000.vscode\u0000/root/capsule/.vscode/launch.json\u0000","stderr":"fatal: pathspec '/root/capsule/results/210803_drug-baseline-models/MAML_cmd/run_MAML_drugs0.sh' is beyond a symbolic link\n","exitCode":128}
[2022-03-14 14:55:41.754] [exthost] [error] {"message":"Git error","stdout":".gitignore\u00003\u0000.vscode\u0000/root/capsule/.vscode/launch.json\u0000","stderr":"fatal: pathspec '/root/capsule/results/210803_drug-baseline-models/MAML_cmd/run_MAML_drugs0.sh' is beyond a symbolic link\n","exitCode":128}
[2022-03-14 14:55:41.754] [exthost] [error] {"message":"Git error","stdout":".gitignore\u00003\u0000.vscode\u0000/root/capsule/.vscode/launch.json\u0000","stderr":"fatal: pathspec '/root/capsule/results/210803_drug-baseline-models/MAML_cmd/run_MAML_drugs0.sh' is beyond a symbolic link\n","exitCode":128}
[2022-03-14 15:07:53.703] [exthost] [info] ExtensionService#_doActivateExtension vscode.configuration-editing, startup: false, activationEvent: 'onLanguage:jsonc'
[2022-03-14 15:07:53.708] [exthost] [info] ExtensionService#_doActivateExtension vscode.json-language-features, startup: false, activationEvent: 'onLanguage:jsonc'
[2022-03-14 15:07:53.766] [exthost] [info] ExtensionService#_doActivateExtension vscode.typescript-language-features, startup: false, activationEvent: 'onLanguage:jsonc'
[2022-03-14 15:08:41.017] [exthost] [info] ExtensionService#_doActivateExtension vscode.debug-server-ready, startup: false, activationEvent: 'onDebugResolve'
[2022-03-14 15:09:56.864] [exthost] [info] ExtensionService#_doActivateExtension ms-toolsai.jupyter, startup: false, activationEvent: 'onLanguage:python'
[2022-03-14 15:09:57.117] [exthost] [info] ExtensionService#_doActivateExtension ms-python.python, startup: false, activationEvent: 'onLanguage:python'
[2022-03-14 15:12:03.422] [exthost] [error] [ms-python.python] provider FAILED
[2022-03-14 15:12:03.422] [exthost] [error] TypeError: Cannot read property 'length' of undefined
	at /.vscode/extensions/ms-python.python-2021.12.1559732655/out/client/extension.js:67:257359
	at p (/.vscode/extensions/ms-python.python-2021.12.1559732655/out/client/extension.js:67:262355)
	at async z.provideCompletionItems (/.code-server/code-server-4.0.2-linux-amd64/vendor/modules/code-oss-dev/out/vs/server/remoteExtensionHostProcess.js:95:101392)
[2022-03-14 15:22:07.748] [exthost] [info] extension host terminating: parent process 37 does not exist anymore: kill ESRCH (code: ESRCH) (errno: -3)
[2022-03-14 15:22:07.748] [exthost] [info] Lock '/root/capsule/code/.vscode/User/workspaceStorage/-13f97471/vscode.lock': Marking the lockfile as scheduled to be released in 6000 ms.
[2022-03-14 15:22:07.770] [exthost] [info] Extension host with pid 88 exiting with code 0
