Experiment 'pythonaacf' is active
Experiment 'pythonTensorboardExperiment' is active
Experiment 'pythonInterpreterInfoUnpinned' is active
> conda info --json
> /opt/conda/bin/python /.vscode/extensions/ms-python.python-2021.12.1559732655/pythonFiles/interpreterInfo.py
> python -c "import sys;print(sys.executable)"
> python -c "import sys;print(sys.executable)"
> python -c "import sys;print(sys.executable)"
Python interpreter path: /opt/conda/bin/python
> python -c "import sys;print(sys.executable)"
> python -c "import sys;print(sys.executable)"
Starting Jedi language server.
> python -c "import sys;print(sys.executable)"
> ". /opt/conda/bin/activate && conda activate base && echo 'e8b39361-0157-4923-80e1-22d70d46dee6' && python /.vscode/extensions/ms-python.python-2021.12.1559732655/pythonFiles/printEnvVariables.py"
> python -c "import sys;print(sys.executable)"
> python -c "import sys;print(sys.executable)"
> python -c "import sys;print(sys.executable)"
> python /.vscode/extensions/ms-python.python-2021.12.1559732655/pythonFiles/interpreterInfo.py
> python -c "import sys;print(sys.executable)"
> python -c "import sys;print(sys.executable)"
> python -c "import sys;print(sys.executable)"
> python -c "import sys;print(sys.executable)"
> python -c "import sys;print(sys.executable)"
> python -c "import sys;print(sys.executable)"
