[2022-03-18 03:02:14.029] [exthost] [info] Extension host with pid 87 started
[2022-03-18 03:02:14.036] [exthost] [info] Lock '/root/capsule/code/.vscode/User/workspaceStorage/-13f97471/vscode.lock': Lock acquired.
[2022-03-18 03:02:14.335] [exthost] [info] ExtensionService#_doActivateExtension vscode.debug-auto-launch, startup: true, activationEvent: '*'
[2022-03-18 03:02:14.342] [exthost] [info] ExtensionService#_doActivateExtension vscode.git-base, startup: true, activationEvent: '*', root cause: vscode.github
[2022-03-18 03:02:14.570] [exthost] [info] ExtensionService#_doActivateExtension vscode.git, startup: true, activationEvent: '*'
[2022-03-18 03:02:14.651] [exthost] [info] ExtensionService#_doActivateExtension vscode.github, startup: true, activationEvent: '*'
[2022-03-18 03:02:14.825] [exthost] [info] ExtensionService#_doActivateExtension vscode.emmet, startup: false, activationEvent: 'onStartupFinished'
[2022-03-18 03:02:14.846] [exthost] [info] ExtensionService#_doActivateExtension vscode.merge-conflict, startup: false, activationEvent: 'onStartupFinished'
[2022-03-18 03:02:14.851] [exthost] [info] Eager extensions activated
[2022-03-18 03:02:15.484] [exthost] [error] {"message":"Git error","stdout":"","stderr":"fatal: pathspec '/root/capsule/results/210803_drug-baseline-models/MAML_cmd/run_MAML_drugs0.sh' is beyond a symbolic link\n","exitCode":128}
[2022-03-18 03:02:15.484] [exthost] [error] {"message":"Git error","stdout":"","stderr":"fatal: pathspec '/root/capsule/results/210803_drug-baseline-models/MAML_cmd/run_MAML_drugs0.sh' is beyond a symbolic link\n","exitCode":128}
[2022-03-18 03:02:15.484] [exthost] [error] {"message":"Git error","stdout":"","stderr":"fatal: pathspec '/root/capsule/results/210803_drug-baseline-models/MAML_cmd/run_MAML_drugs0.sh' is beyond a symbolic link\n","exitCode":128}
[2022-03-18 03:02:15.484] [exthost] [error] {"message":"Git error","stdout":"","stderr":"fatal: pathspec '/root/capsule/results/210803_drug-baseline-models/MAML_cmd/run_MAML_drugs0.sh' is beyond a symbolic link\n","exitCode":128}
[2022-03-18 03:02:15.484] [exthost] [error] {"message":"Git error","stdout":"","stderr":"fatal: pathspec '/root/capsule/results/210803_drug-baseline-models/MAML_cmd/run_MAML_drugs0.sh' is beyond a symbolic link\n","exitCode":128}
[2022-03-18 03:02:15.484] [exthost] [error] {"message":"Git error","stdout":"","stderr":"fatal: pathspec '/root/capsule/results/210803_drug-baseline-models/MAML_cmd/run_MAML_drugs0.sh' is beyond a symbolic link\n","exitCode":128}
[2022-03-18 03:02:15.484] [exthost] [error] {"message":"Git error","stdout":"","stderr":"fatal: pathspec '/root/capsule/results/210803_drug-baseline-models/MAML_cmd/run_MAML_drugs0.sh' is beyond a symbolic link\n","exitCode":128}
[2022-03-18 03:02:15.484] [exthost] [error] {"message":"Git error","stdout":"","stderr":"fatal: pathspec '/root/capsule/results/210803_drug-baseline-models/MAML_cmd/run_MAML_drugs0.sh' is beyond a symbolic link\n","exitCode":128}
[2022-03-18 03:02:15.484] [exthost] [error] {"message":"Git error","stdout":"","stderr":"fatal: pathspec '/root/capsule/results/210803_drug-baseline-models/MAML_cmd/run_MAML_drugs0.sh' is beyond a symbolic link\n","exitCode":128}
[2022-03-18 03:02:15.484] [exthost] [error] {"message":"Git error","stdout":"","stderr":"fatal: pathspec '/root/capsule/results/210803_drug-baseline-models/MAML_cmd/run_MAML_drugs0.sh' is beyond a symbolic link\n","exitCode":128}
[2022-03-18 03:02:15.484] [exthost] [error] {"message":"Git error","stdout":"","stderr":"fatal: pathspec '/root/capsule/results/210803_drug-baseline-models/MAML_cmd/run_MAML_drugs0.sh' is beyond a symbolic link\n","exitCode":128}
[2022-03-18 03:02:15.484] [exthost] [error] {"message":"Git error","stdout":"","stderr":"fatal: pathspec '/root/capsule/results/210803_drug-baseline-models/MAML_cmd/run_MAML_drugs0.sh' is beyond a symbolic link\n","exitCode":128}
[2022-03-18 03:02:15.484] [exthost] [error] {"message":"Git error","stdout":"","stderr":"fatal: pathspec '/root/capsule/results/210803_drug-baseline-models/MAML_cmd/run_MAML_drugs0.sh' is beyond a symbolic link\n","exitCode":128}
[2022-03-18 03:02:15.484] [exthost] [error] {"message":"Git error","stdout":"","stderr":"fatal: pathspec '/root/capsule/results/210803_drug-baseline-models/MAML_cmd/run_MAML_drugs0.sh' is beyond a symbolic link\n","exitCode":128}
[2022-03-18 03:02:15.484] [exthost] [error] {"message":"Git error","stdout":"","stderr":"fatal: pathspec '/root/capsule/results/210803_drug-baseline-models/MAML_cmd/run_MAML_drugs0.sh' is beyond a symbolic link\n","exitCode":128}
[2022-03-18 03:02:15.484] [exthost] [error] {"message":"Git error","stdout":"","stderr":"fatal: pathspec '/root/capsule/results/210803_drug-baseline-models/MAML_cmd/run_MAML_drugs0.sh' is beyond a symbolic link\n","exitCode":128}
[2022-03-18 03:02:15.484] [exthost] [error] {"message":"Git error","stdout":"","stderr":"fatal: pathspec '/root/capsule/results/210803_drug-baseline-models/MAML_cmd/run_MAML_drugs0.sh' is beyond a symbolic link\n","exitCode":128}
[2022-03-18 03:02:15.484] [exthost] [error] {"message":"Git error","stdout":"","stderr":"fatal: pathspec '/root/capsule/results/210803_drug-baseline-models/MAML_cmd/run_MAML_drugs0.sh' is beyond a symbolic link\n","exitCode":128}
[2022-03-18 03:02:15.484] [exthost] [error] {"message":"Git error","stdout":"","stderr":"fatal: pathspec '/root/capsule/results/210803_drug-baseline-models/MAML_cmd/run_MAML_drugs0.sh' is beyond a symbolic link\n","exitCode":128}
[2022-03-18 03:02:15.484] [exthost] [error] {"message":"Git error","stdout":"","stderr":"fatal: pathspec '/root/capsule/results/210803_drug-baseline-models/MAML_cmd/run_MAML_drugs0.sh' is beyond a symbolic link\n","exitCode":128}
[2022-03-18 03:02:15.484] [exthost] [error] {"message":"Git error","stdout":"","stderr":"fatal: pathspec '/root/capsule/results/210803_drug-baseline-models/MAML_cmd/run_MAML_drugs0.sh' is beyond a symbolic link\n","exitCode":128}
[2022-03-18 03:02:15.484] [exthost] [error] {"message":"Git error","stdout":"","stderr":"fatal: pathspec '/root/capsule/results/210803_drug-baseline-models/MAML_cmd/run_MAML_drugs0.sh' is beyond a symbolic link\n","exitCode":128}
[2022-03-18 03:02:15.484] [exthost] [error] {"message":"Git error","stdout":"","stderr":"fatal: pathspec '/root/capsule/results/210803_drug-baseline-models/MAML_cmd/run_MAML_drugs0.sh' is beyond a symbolic link\n","exitCode":128}
[2022-03-18 03:02:15.484] [exthost] [error] {"message":"Git error","stdout":"","stderr":"fatal: pathspec '/root/capsule/results/210803_drug-baseline-models/MAML_cmd/run_MAML_drugs0.sh' is beyond a symbolic link\n","exitCode":128}
[2022-03-18 03:02:15.484] [exthost] [error] {"message":"Git error","stdout":"","stderr":"fatal: pathspec '/root/capsule/results/210803_drug-baseline-models/MAML_cmd/run_MAML_drugs0.sh' is beyond a symbolic link\n","exitCode":128}
[2022-03-18 03:02:15.484] [exthost] [error] {"message":"Git error","stdout":"","stderr":"fatal: pathspec '/root/capsule/results/210803_drug-baseline-models/MAML_cmd/run_MAML_drugs0.sh' is beyond a symbolic link\n","exitCode":128}
[2022-03-18 03:02:15.484] [exthost] [error] {"message":"Git error","stdout":"","stderr":"fatal: pathspec '/root/capsule/results/210803_drug-baseline-models/MAML_cmd/run_MAML_drugs0.sh' is beyond a symbolic link\n","exitCode":128}
[2022-03-18 03:02:15.484] [exthost] [error] {"message":"Git error","stdout":"","stderr":"fatal: pathspec '/root/capsule/results/210803_drug-baseline-models/MAML_cmd/run_MAML_drugs0.sh' is beyond a symbolic link\n","exitCode":128}
[2022-03-18 03:02:15.484] [exthost] [error] {"message":"Git error","stdout":"","stderr":"fatal: pathspec '/root/capsule/results/210803_drug-baseline-models/MAML_cmd/run_MAML_drugs0.sh' is beyond a symbolic link\n","exitCode":128}
[2022-03-18 03:02:15.484] [exthost] [error] {"message":"Git error","stdout":"","stderr":"fatal: pathspec '/root/capsule/results/210803_drug-baseline-models/MAML_cmd/run_MAML_drugs0.sh' is beyond a symbolic link\n","exitCode":128}
[2022-03-18 03:02:15.484] [exthost] [error] {"message":"Git error","stdout":"","stderr":"fatal: pathspec '/root/capsule/results/210803_drug-baseline-models/MAML_cmd/run_MAML_drugs0.sh' is beyond a symbolic link\n","exitCode":128}
[2022-03-18 03:02:15.484] [exthost] [error] {"message":"Git error","stdout":"","stderr":"fatal: pathspec '/root/capsule/results/210803_drug-baseline-models/MAML_cmd/run_MAML_drugs0.sh' is beyond a symbolic link\n","exitCode":128}
[2022-03-18 03:02:15.484] [exthost] [error] {"message":"Git error","stdout":"","stderr":"fatal: pathspec '/root/capsule/results/210803_drug-baseline-models/MAML_cmd/run_MAML_drugs0.sh' is beyond a symbolic link\n","exitCode":128}
[2022-03-18 03:02:15.484] [exthost] [error] {"message":"Git error","stdout":"","stderr":"fatal: pathspec '/root/capsule/results/210803_drug-baseline-models/MAML_cmd/run_MAML_drugs0.sh' is beyond a symbolic link\n","exitCode":128}
[2022-03-18 03:02:15.484] [exthost] [error] {"message":"Git error","stdout":"","stderr":"fatal: pathspec '/root/capsule/results/210803_drug-baseline-models/MAML_cmd/run_MAML_drugs0.sh' is beyond a symbolic link\n","exitCode":128}
[2022-03-18 03:02:15.484] [exthost] [error] {"message":"Git error","stdout":"","stderr":"fatal: pathspec '/root/capsule/results/210803_drug-baseline-models/MAML_cmd/run_MAML_drugs0.sh' is beyond a symbolic link\n","exitCode":128}
[2022-03-18 03:02:15.484] [exthost] [error] {"message":"Git error","stdout":"","stderr":"fatal: pathspec '/root/capsule/results/210803_drug-baseline-models/MAML_cmd/run_MAML_drugs0.sh' is beyond a symbolic link\n","exitCode":128}
[2022-03-18 03:02:15.484] [exthost] [error] {"message":"Git error","stdout":"","stderr":"fatal: pathspec '/root/capsule/results/210803_drug-baseline-models/MAML_cmd/run_MAML_drugs0.sh' is beyond a symbolic link\n","exitCode":128}
[2022-03-18 03:02:15.484] [exthost] [error] {"message":"Git error","stdout":"","stderr":"fatal: pathspec '/root/capsule/results/210803_drug-baseline-models/MAML_cmd/run_MAML_drugs0.sh' is beyond a symbolic link\n","exitCode":128}
[2022-03-18 03:02:15.484] [exthost] [error] {"message":"Git error","stdout":"","stderr":"fatal: pathspec '/root/capsule/results/210803_drug-baseline-models/MAML_cmd/run_MAML_drugs0.sh' is beyond a symbolic link\n","exitCode":128}
[2022-03-18 03:02:15.484] [exthost] [error] {"message":"Git error","stdout":"","stderr":"fatal: pathspec '/root/capsule/results/210803_drug-baseline-models/MAML_cmd/run_MAML_drugs0.sh' is beyond a symbolic link\n","exitCode":128}
[2022-03-18 03:02:15.484] [exthost] [error] {"message":"Git error","stdout":"","stderr":"fatal: pathspec '/root/capsule/results/210803_drug-baseline-models/MAML_cmd/run_MAML_drugs0.sh' is beyond a symbolic link\n","exitCode":128}
[2022-03-18 03:02:15.484] [exthost] [error] {"message":"Git error","stdout":"","stderr":"fatal: pathspec '/root/capsule/results/210803_drug-baseline-models/MAML_cmd/run_MAML_drugs0.sh' is beyond a symbolic link\n","exitCode":128}
[2022-03-18 03:02:15.484] [exthost] [error] {"message":"Git error","stdout":"","stderr":"fatal: pathspec '/root/capsule/results/210803_drug-baseline-models/MAML_cmd/run_MAML_drugs0.sh' is beyond a symbolic link\n","exitCode":128}
[2022-03-18 03:02:15.484] [exthost] [error] {"message":"Git error","stdout":"","stderr":"fatal: pathspec '/root/capsule/results/210803_drug-baseline-models/MAML_cmd/run_MAML_drugs0.sh' is beyond a symbolic link\n","exitCode":128}
[2022-03-18 03:02:15.484] [exthost] [error] {"message":"Git error","stdout":"","stderr":"fatal: pathspec '/root/capsule/results/210803_drug-baseline-models/MAML_cmd/run_MAML_drugs0.sh' is beyond a symbolic link\n","exitCode":128}
[2022-03-18 03:02:15.484] [exthost] [error] {"message":"Git error","stdout":"","stderr":"fatal: pathspec '/root/capsule/results/210803_drug-baseline-models/MAML_cmd/run_MAML_drugs0.sh' is beyond a symbolic link\n","exitCode":128}
[2022-03-18 03:02:15.484] [exthost] [error] {"message":"Git error","stdout":"","stderr":"fatal: pathspec '/root/capsule/results/210803_drug-baseline-models/MAML_cmd/run_MAML_drugs0.sh' is beyond a symbolic link\n","exitCode":128}
[2022-03-18 03:02:15.484] [exthost] [error] {"message":"Git error","stdout":"","stderr":"fatal: pathspec '/root/capsule/results/210803_drug-baseline-models/MAML_cmd/run_MAML_drugs0.sh' is beyond a symbolic link\n","exitCode":128}
[2022-03-18 03:02:15.484] [exthost] [error] {"message":"Git error","stdout":"","stderr":"fatal: pathspec '/root/capsule/results/210803_drug-baseline-models/MAML_cmd/run_MAML_drugs0.sh' is beyond a symbolic link\n","exitCode":128}
[2022-03-18 03:02:15.484] [exthost] [error] {"message":"Git error","stdout":"","stderr":"fatal: pathspec '/root/capsule/results/210803_drug-baseline-models/MAML_cmd/run_MAML_drugs0.sh' is beyond a symbolic link\n","exitCode":128}
[2022-03-18 03:02:15.484] [exthost] [error] {"message":"Git error","stdout":"","stderr":"fatal: pathspec '/root/capsule/results/210803_drug-baseline-models/MAML_cmd/run_MAML_drugs0.sh' is beyond a symbolic link\n","exitCode":128}
[2022-03-18 03:02:15.484] [exthost] [error] {"message":"Git error","stdout":"","stderr":"fatal: pathspec '/root/capsule/results/210803_drug-baseline-models/MAML_cmd/run_MAML_drugs0.sh' is beyond a symbolic link\n","exitCode":128}
[2022-03-18 03:02:15.484] [exthost] [error] {"message":"Git error","stdout":"","stderr":"fatal: pathspec '/root/capsule/results/210803_drug-baseline-models/MAML_cmd/run_MAML_drugs0.sh' is beyond a symbolic link\n","exitCode":128}
[2022-03-18 03:02:15.484] [exthost] [error] {"message":"Git error","stdout":"","stderr":"fatal: pathspec '/root/capsule/results/210803_drug-baseline-models/MAML_cmd/run_MAML_drugs0.sh' is beyond a symbolic link\n","exitCode":128}
[2022-03-18 03:02:15.484] [exthost] [error] {"message":"Git error","stdout":"","stderr":"fatal: pathspec '/root/capsule/results/210803_drug-baseline-models/MAML_cmd/run_MAML_drugs0.sh' is beyond a symbolic link\n","exitCode":128}
[2022-03-18 03:02:15.484] [exthost] [error] {"message":"Git error","stdout":"","stderr":"fatal: pathspec '/root/capsule/results/210803_drug-baseline-models/MAML_cmd/run_MAML_drugs0.sh' is beyond a symbolic link\n","exitCode":128}
[2022-03-18 03:02:15.484] [exthost] [error] {"message":"Git error","stdout":"","stderr":"fatal: pathspec '/root/capsule/results/210803_drug-baseline-models/MAML_cmd/run_MAML_drugs0.sh' is beyond a symbolic link\n","exitCode":128}
[2022-03-18 03:02:15.484] [exthost] [error] {"message":"Git error","stdout":"","stderr":"fatal: pathspec '/root/capsule/results/210803_drug-baseline-models/MAML_cmd/run_MAML_drugs0.sh' is beyond a symbolic link\n","exitCode":128}
[2022-03-18 03:02:15.485] [exthost] [error] {"message":"Git error","stdout":"","stderr":"fatal: pathspec '/root/capsule/results/210803_drug-baseline-models/MAML_cmd/run_MAML_drugs0.sh' is beyond a symbolic link\n","exitCode":128}
[2022-03-18 03:03:16.981] [exthost] [info] ExtensionService#_doActivateExtension vscode.debug-server-ready, startup: false, activationEvent: 'onDebugResolve'
[2022-03-18 03:04:05.153] [exthost] [info] ExtensionService#_doActivateExtension ms-toolsai.jupyter, startup: false, activationEvent: 'onLanguage:python'
[2022-03-18 03:04:05.408] [exthost] [info] ExtensionService#_doActivateExtension ms-python.python, startup: false, activationEvent: 'onLanguage:python'
[2022-03-18 03:04:17.001] [exthost] [info] ExtensionService#_doActivateExtension ms-vscode.js-debug, startup: false, activationEvent: 'onDebugInitialConfigurations'
[2022-03-18 03:08:10.346] [exthost] [error] [ms-python.python] provider FAILED
[2022-03-18 03:08:10.346] [exthost] [error] Error: ValueError: `column` parameter (37) is not in a valid range (0-28) for line 268 ('        target_list_str = ""\n').
	at /.vscode/extensions/ms-python.python-2021.12.1559732655/out/client/extension.js:67:139560
	at /.vscode/extensions/ms-python.python-2021.12.1559732655/out/client/extension.js:67:139854
	at Immediate.<anonymous> (/.vscode/extensions/ms-python.python-2021.12.1559732655/out/client/extension.js:67:140217)
	at processImmediate (internal/timers.js:464:21)
[2022-03-18 03:08:10.475] [exthost] [error] [ms-python.python] provider FAILED
[2022-03-18 03:08:10.475] [exthost] [error] Error: ValueError: `column` parameter (37) is not in a valid range (0-28) for line 268 ('        target_list_str = ""\n').
	at /.vscode/extensions/ms-python.python-2021.12.1559732655/out/client/extension.js:67:139560
	at /.vscode/extensions/ms-python.python-2021.12.1559732655/out/client/extension.js:67:139854
	at Immediate.<anonymous> (/.vscode/extensions/ms-python.python-2021.12.1559732655/out/client/extension.js:67:140217)
	at processImmediate (internal/timers.js:464:21)
[2022-03-18 03:32:26.403] [exthost] [info] extension host terminating: parent process 36 does not exist anymore: kill ESRCH (code: ESRCH) (errno: -3)
[2022-03-18 03:32:26.403] [exthost] [info] Lock '/root/capsule/code/.vscode/User/workspaceStorage/-13f97471/vscode.lock': Marking the lockfile as scheduled to be released in 6000 ms.
[2022-03-18 03:32:26.423] [exthost] [info] Extension host with pid 87 exiting with code 0
