[2022-03-13 06:09:40.850] [exthost] [info] Extension host with pid 2130 started
[2022-03-13 06:09:40.851] [exthost] [error] Error: EEXIST: file already exists, open '/root/capsule/code/.vscode/User/workspaceStorage/-13f97471/vscode.lock'
[2022-03-13 06:09:40.852] [exthost] [info] Lock '/root/capsule/code/.vscode/User/workspaceStorage/-13f97471/vscode.lock': Could not acquire lock, checking if the file is stale.
[2022-03-13 06:09:40.854] [exthost] [info] Lock '/root/capsule/code/.vscode/User/workspaceStorage/-13f97471/vscode.lock': The lock does not look stale, elapsed: 503 ms, giving up.
[2022-03-13 06:09:40.863] [exthost] [info] Lock '/root/capsule/code/.vscode/User/workspaceStorage/-13f97471-1/vscode.lock': Lock acquired.
[2022-03-13 06:09:40.987] [exthost] [info] ExtensionService#_doActivateExtension ms-python.python, startup: false, activationEvent: 'onLanguage:python'
[2022-03-13 06:09:41.148] [exthost] [info] ExtensionService#_doActivateExtension ms-toolsai.jupyter, startup: false, activationEvent: 'onLanguage:python'
[2022-03-13 06:09:41.388] [exthost] [info] ExtensionService#_doActivateExtension vscode.debug-auto-launch, startup: true, activationEvent: '*'
[2022-03-13 06:09:41.391] [exthost] [info] ExtensionService#_doActivateExtension vscode.git-base, startup: true, activationEvent: '*', root cause: vscode.github
[2022-03-13 06:09:41.651] [exthost] [info] ExtensionService#_doActivateExtension vscode.git, startup: true, activationEvent: '*'
[2022-03-13 06:09:41.710] [exthost] [info] ExtensionService#_doActivateExtension vscode.github, startup: true, activationEvent: '*'
[2022-03-13 06:09:41.920] [exthost] [info] ExtensionService#_doActivateExtension vscode.emmet, startup: false, activationEvent: 'onStartupFinished'
[2022-03-13 06:09:41.939] [exthost] [info] ExtensionService#_doActivateExtension vscode.merge-conflict, startup: false, activationEvent: 'onStartupFinished'
[2022-03-13 06:09:41.943] [exthost] [info] Eager extensions activated
[2022-03-13 06:09:42.833] [exthost] [error] {"message":"Git error","stdout":".gitignore\u00003\u0000.vscode\u0000/root/capsule/.vscode/launch.json\u0000","stderr":"fatal: pathspec '/root/capsule/results/210803_drug-baseline-models/MAML_cmd/run_MAML_drugs0.sh' is beyond a symbolic link\n","exitCode":128}
[2022-03-13 06:09:42.833] [exthost] [error] {"message":"Git error","stdout":".gitignore\u00003\u0000.vscode\u0000/root/capsule/.vscode/launch.json\u0000","stderr":"fatal: pathspec '/root/capsule/results/210803_drug-baseline-models/MAML_cmd/run_MAML_drugs0.sh' is beyond a symbolic link\n","exitCode":128}
[2022-03-13 06:09:42.833] [exthost] [error] {"message":"Git error","stdout":".gitignore\u00003\u0000.vscode\u0000/root/capsule/.vscode/launch.json\u0000","stderr":"fatal: pathspec '/root/capsule/results/210803_drug-baseline-models/MAML_cmd/run_MAML_drugs0.sh' is beyond a symbolic link\n","exitCode":128}
[2022-03-13 06:09:42.833] [exthost] [error] {"message":"Git error","stdout":".gitignore\u00003\u0000.vscode\u0000/root/capsule/.vscode/launch.json\u0000","stderr":"fatal: pathspec '/root/capsule/results/210803_drug-baseline-models/MAML_cmd/run_MAML_drugs0.sh' is beyond a symbolic link\n","exitCode":128}
[2022-03-13 06:09:42.833] [exthost] [error] {"message":"Git error","stdout":".gitignore\u00003\u0000.vscode\u0000/root/capsule/.vscode/launch.json\u0000","stderr":"fatal: pathspec '/root/capsule/results/210803_drug-baseline-models/MAML_cmd/run_MAML_drugs0.sh' is beyond a symbolic link\n","exitCode":128}
[2022-03-13 06:09:42.833] [exthost] [error] {"message":"Git error","stdout":".gitignore\u00003\u0000.vscode\u0000/root/capsule/.vscode/launch.json\u0000","stderr":"fatal: pathspec '/root/capsule/results/210803_drug-baseline-models/MAML_cmd/run_MAML_drugs0.sh' is beyond a symbolic link\n","exitCode":128}
[2022-03-13 06:09:42.833] [exthost] [error] {"message":"Git error","stdout":".gitignore\u00003\u0000.vscode\u0000/root/capsule/.vscode/launch.json\u0000","stderr":"fatal: pathspec '/root/capsule/results/210803_drug-baseline-models/MAML_cmd/run_MAML_drugs0.sh' is beyond a symbolic link\n","exitCode":128}
[2022-03-13 06:09:42.833] [exthost] [error] {"message":"Git error","stdout":".gitignore\u00003\u0000.vscode\u0000/root/capsule/.vscode/launch.json\u0000","stderr":"fatal: pathspec '/root/capsule/results/210803_drug-baseline-models/MAML_cmd/run_MAML_drugs0.sh' is beyond a symbolic link\n","exitCode":128}
[2022-03-13 06:09:42.833] [exthost] [error] {"message":"Git error","stdout":".gitignore\u00003\u0000.vscode\u0000/root/capsule/.vscode/launch.json\u0000","stderr":"fatal: pathspec '/root/capsule/results/210803_drug-baseline-models/MAML_cmd/run_MAML_drugs0.sh' is beyond a symbolic link\n","exitCode":128}
[2022-03-13 06:09:42.833] [exthost] [error] {"message":"Git error","stdout":".gitignore\u00003\u0000.vscode\u0000/root/capsule/.vscode/launch.json\u0000","stderr":"fatal: pathspec '/root/capsule/results/210803_drug-baseline-models/MAML_cmd/run_MAML_drugs0.sh' is beyond a symbolic link\n","exitCode":128}
[2022-03-13 06:09:42.833] [exthost] [error] {"message":"Git error","stdout":".gitignore\u00003\u0000.vscode\u0000/root/capsule/.vscode/launch.json\u0000","stderr":"fatal: pathspec '/root/capsule/results/210803_drug-baseline-models/MAML_cmd/run_MAML_drugs0.sh' is beyond a symbolic link\n","exitCode":128}
[2022-03-13 06:09:42.833] [exthost] [error] {"message":"Git error","stdout":".gitignore\u00003\u0000.vscode\u0000/root/capsule/.vscode/launch.json\u0000","stderr":"fatal: pathspec '/root/capsule/results/210803_drug-baseline-models/MAML_cmd/run_MAML_drugs0.sh' is beyond a symbolic link\n","exitCode":128}
[2022-03-13 06:09:42.833] [exthost] [error] {"message":"Git error","stdout":".gitignore\u00003\u0000.vscode\u0000/root/capsule/.vscode/launch.json\u0000","stderr":"fatal: pathspec '/root/capsule/results/210803_drug-baseline-models/MAML_cmd/run_MAML_drugs0.sh' is beyond a symbolic link\n","exitCode":128}
[2022-03-13 06:09:42.833] [exthost] [error] {"message":"Git error","stdout":".gitignore\u00003\u0000.vscode\u0000/root/capsule/.vscode/launch.json\u0000","stderr":"fatal: pathspec '/root/capsule/results/210803_drug-baseline-models/MAML_cmd/run_MAML_drugs0.sh' is beyond a symbolic link\n","exitCode":128}
[2022-03-13 06:09:42.833] [exthost] [error] {"message":"Git error","stdout":".gitignore\u00003\u0000.vscode\u0000/root/capsule/.vscode/launch.json\u0000","stderr":"fatal: pathspec '/root/capsule/results/210803_drug-baseline-models/MAML_cmd/run_MAML_drugs0.sh' is beyond a symbolic link\n","exitCode":128}
[2022-03-13 06:09:42.833] [exthost] [error] {"message":"Git error","stdout":".gitignore\u00003\u0000.vscode\u0000/root/capsule/.vscode/launch.json\u0000","stderr":"fatal: pathspec '/root/capsule/results/210803_drug-baseline-models/MAML_cmd/run_MAML_drugs0.sh' is beyond a symbolic link\n","exitCode":128}
[2022-03-13 06:09:42.833] [exthost] [error] {"message":"Git error","stdout":".gitignore\u00003\u0000.vscode\u0000/root/capsule/.vscode/launch.json\u0000","stderr":"fatal: pathspec '/root/capsule/results/210803_drug-baseline-models/MAML_cmd/run_MAML_drugs0.sh' is beyond a symbolic link\n","exitCode":128}
[2022-03-13 06:09:42.833] [exthost] [error] {"message":"Git error","stdout":".gitignore\u00003\u0000.vscode\u0000/root/capsule/.vscode/launch.json\u0000","stderr":"fatal: pathspec '/root/capsule/results/210803_drug-baseline-models/MAML_cmd/run_MAML_drugs0.sh' is beyond a symbolic link\n","exitCode":128}
[2022-03-13 06:09:42.833] [exthost] [error] {"message":"Git error","stdout":".gitignore\u00003\u0000.vscode\u0000/root/capsule/.vscode/launch.json\u0000","stderr":"fatal: pathspec '/root/capsule/results/210803_drug-baseline-models/MAML_cmd/run_MAML_drugs0.sh' is beyond a symbolic link\n","exitCode":128}
[2022-03-13 06:09:42.833] [exthost] [error] {"message":"Git error","stdout":".gitignore\u00003\u0000.vscode\u0000/root/capsule/.vscode/launch.json\u0000","stderr":"fatal: pathspec '/root/capsule/results/210803_drug-baseline-models/MAML_cmd/run_MAML_drugs0.sh' is beyond a symbolic link\n","exitCode":128}
[2022-03-13 06:09:42.833] [exthost] [error] {"message":"Git error","stdout":".gitignore\u00003\u0000.vscode\u0000/root/capsule/.vscode/launch.json\u0000","stderr":"fatal: pathspec '/root/capsule/results/210803_drug-baseline-models/MAML_cmd/run_MAML_drugs0.sh' is beyond a symbolic link\n","exitCode":128}
[2022-03-13 06:09:42.833] [exthost] [error] {"message":"Git error","stdout":".gitignore\u00003\u0000.vscode\u0000/root/capsule/.vscode/launch.json\u0000","stderr":"fatal: pathspec '/root/capsule/results/210803_drug-baseline-models/MAML_cmd/run_MAML_drugs0.sh' is beyond a symbolic link\n","exitCode":128}
[2022-03-13 06:09:42.833] [exthost] [error] {"message":"Git error","stdout":".gitignore\u00003\u0000.vscode\u0000/root/capsule/.vscode/launch.json\u0000","stderr":"fatal: pathspec '/root/capsule/results/210803_drug-baseline-models/MAML_cmd/run_MAML_drugs0.sh' is beyond a symbolic link\n","exitCode":128}
[2022-03-13 06:09:42.833] [exthost] [error] {"message":"Git error","stdout":".gitignore\u00003\u0000.vscode\u0000/root/capsule/.vscode/launch.json\u0000","stderr":"fatal: pathspec '/root/capsule/results/210803_drug-baseline-models/MAML_cmd/run_MAML_drugs0.sh' is beyond a symbolic link\n","exitCode":128}
[2022-03-13 06:09:42.833] [exthost] [error] {"message":"Git error","stdout":".gitignore\u00003\u0000.vscode\u0000/root/capsule/.vscode/launch.json\u0000","stderr":"fatal: pathspec '/root/capsule/results/210803_drug-baseline-models/MAML_cmd/run_MAML_drugs0.sh' is beyond a symbolic link\n","exitCode":128}
[2022-03-13 06:09:42.833] [exthost] [error] {"message":"Git error","stdout":".gitignore\u00003\u0000.vscode\u0000/root/capsule/.vscode/launch.json\u0000","stderr":"fatal: pathspec '/root/capsule/results/210803_drug-baseline-models/MAML_cmd/run_MAML_drugs0.sh' is beyond a symbolic link\n","exitCode":128}
[2022-03-13 06:09:42.833] [exthost] [error] {"message":"Git error","stdout":".gitignore\u00003\u0000.vscode\u0000/root/capsule/.vscode/launch.json\u0000","stderr":"fatal: pathspec '/root/capsule/results/210803_drug-baseline-models/MAML_cmd/run_MAML_drugs0.sh' is beyond a symbolic link\n","exitCode":128}
[2022-03-13 06:09:42.833] [exthost] [error] {"message":"Git error","stdout":".gitignore\u00003\u0000.vscode\u0000/root/capsule/.vscode/launch.json\u0000","stderr":"fatal: pathspec '/root/capsule/results/210803_drug-baseline-models/MAML_cmd/run_MAML_drugs0.sh' is beyond a symbolic link\n","exitCode":128}
[2022-03-13 06:09:42.833] [exthost] [error] {"message":"Git error","stdout":".gitignore\u00003\u0000.vscode\u0000/root/capsule/.vscode/launch.json\u0000","stderr":"fatal: pathspec '/root/capsule/results/210803_drug-baseline-models/MAML_cmd/run_MAML_drugs0.sh' is beyond a symbolic link\n","exitCode":128}
[2022-03-13 06:09:42.833] [exthost] [error] {"message":"Git error","stdout":".gitignore\u00003\u0000.vscode\u0000/root/capsule/.vscode/launch.json\u0000","stderr":"fatal: pathspec '/root/capsule/results/210803_drug-baseline-models/MAML_cmd/run_MAML_drugs0.sh' is beyond a symbolic link\n","exitCode":128}
[2022-03-13 06:09:42.833] [exthost] [error] {"message":"Git error","stdout":".gitignore\u00003\u0000.vscode\u0000/root/capsule/.vscode/launch.json\u0000","stderr":"fatal: pathspec '/root/capsule/results/210803_drug-baseline-models/MAML_cmd/run_MAML_drugs0.sh' is beyond a symbolic link\n","exitCode":128}
[2022-03-13 06:09:42.833] [exthost] [error] {"message":"Git error","stdout":".gitignore\u00003\u0000.vscode\u0000/root/capsule/.vscode/launch.json\u0000","stderr":"fatal: pathspec '/root/capsule/results/210803_drug-baseline-models/MAML_cmd/run_MAML_drugs0.sh' is beyond a symbolic link\n","exitCode":128}
[2022-03-13 06:09:42.833] [exthost] [error] {"message":"Git error","stdout":".gitignore\u00003\u0000.vscode\u0000/root/capsule/.vscode/launch.json\u0000","stderr":"fatal: pathspec '/root/capsule/results/210803_drug-baseline-models/MAML_cmd/run_MAML_drugs0.sh' is beyond a symbolic link\n","exitCode":128}
[2022-03-13 06:09:42.833] [exthost] [error] {"message":"Git error","stdout":".gitignore\u00003\u0000.vscode\u0000/root/capsule/.vscode/launch.json\u0000","stderr":"fatal: pathspec '/root/capsule/results/210803_drug-baseline-models/MAML_cmd/run_MAML_drugs0.sh' is beyond a symbolic link\n","exitCode":128}
[2022-03-13 06:09:42.833] [exthost] [error] {"message":"Git error","stdout":".gitignore\u00003\u0000.vscode\u0000/root/capsule/.vscode/launch.json\u0000","stderr":"fatal: pathspec '/root/capsule/results/210803_drug-baseline-models/MAML_cmd/run_MAML_drugs0.sh' is beyond a symbolic link\n","exitCode":128}
[2022-03-13 06:09:42.833] [exthost] [error] {"message":"Git error","stdout":".gitignore\u00003\u0000.vscode\u0000/root/capsule/.vscode/launch.json\u0000","stderr":"fatal: pathspec '/root/capsule/results/210803_drug-baseline-models/MAML_cmd/run_MAML_drugs0.sh' is beyond a symbolic link\n","exitCode":128}
[2022-03-13 06:09:42.833] [exthost] [error] {"message":"Git error","stdout":".gitignore\u00003\u0000.vscode\u0000/root/capsule/.vscode/launch.json\u0000","stderr":"fatal: pathspec '/root/capsule/results/210803_drug-baseline-models/MAML_cmd/run_MAML_drugs0.sh' is beyond a symbolic link\n","exitCode":128}
[2022-03-13 06:09:42.833] [exthost] [error] {"message":"Git error","stdout":".gitignore\u00003\u0000.vscode\u0000/root/capsule/.vscode/launch.json\u0000","stderr":"fatal: pathspec '/root/capsule/results/210803_drug-baseline-models/MAML_cmd/run_MAML_drugs0.sh' is beyond a symbolic link\n","exitCode":128}
[2022-03-13 06:09:42.833] [exthost] [error] {"message":"Git error","stdout":".gitignore\u00003\u0000.vscode\u0000/root/capsule/.vscode/launch.json\u0000","stderr":"fatal: pathspec '/root/capsule/results/210803_drug-baseline-models/MAML_cmd/run_MAML_drugs0.sh' is beyond a symbolic link\n","exitCode":128}
[2022-03-13 06:09:42.833] [exthost] [error] {"message":"Git error","stdout":".gitignore\u00003\u0000.vscode\u0000/root/capsule/.vscode/launch.json\u0000","stderr":"fatal: pathspec '/root/capsule/results/210803_drug-baseline-models/MAML_cmd/run_MAML_drugs0.sh' is beyond a symbolic link\n","exitCode":128}
[2022-03-13 06:09:42.833] [exthost] [error] {"message":"Git error","stdout":".gitignore\u00003\u0000.vscode\u0000/root/capsule/.vscode/launch.json\u0000","stderr":"fatal: pathspec '/root/capsule/results/210803_drug-baseline-models/MAML_cmd/run_MAML_drugs0.sh' is beyond a symbolic link\n","exitCode":128}
[2022-03-13 06:09:42.834] [exthost] [error] {"message":"Git error","stdout":".gitignore\u00003\u0000.vscode\u0000/root/capsule/.vscode/launch.json\u0000","stderr":"fatal: pathspec '/root/capsule/results/210803_drug-baseline-models/MAML_cmd/run_MAML_drugs0.sh' is beyond a symbolic link\n","exitCode":128}
[2022-03-13 06:09:42.834] [exthost] [error] {"message":"Git error","stdout":".gitignore\u00003\u0000.vscode\u0000/root/capsule/.vscode/launch.json\u0000","stderr":"fatal: pathspec '/root/capsule/results/210803_drug-baseline-models/MAML_cmd/run_MAML_drugs0.sh' is beyond a symbolic link\n","exitCode":128}
[2022-03-13 06:09:42.834] [exthost] [error] {"message":"Git error","stdout":".gitignore\u00003\u0000.vscode\u0000/root/capsule/.vscode/launch.json\u0000","stderr":"fatal: pathspec '/root/capsule/results/210803_drug-baseline-models/MAML_cmd/run_MAML_drugs0.sh' is beyond a symbolic link\n","exitCode":128}
[2022-03-13 06:09:42.834] [exthost] [error] {"message":"Git error","stdout":".gitignore\u00003\u0000.vscode\u0000/root/capsule/.vscode/launch.json\u0000","stderr":"fatal: pathspec '/root/capsule/results/210803_drug-baseline-models/MAML_cmd/run_MAML_drugs0.sh' is beyond a symbolic link\n","exitCode":128}
[2022-03-13 06:09:42.834] [exthost] [error] {"message":"Git error","stdout":".gitignore\u00003\u0000.vscode\u0000/root/capsule/.vscode/launch.json\u0000","stderr":"fatal: pathspec '/root/capsule/results/210803_drug-baseline-models/MAML_cmd/run_MAML_drugs0.sh' is beyond a symbolic link\n","exitCode":128}
[2022-03-13 06:09:42.834] [exthost] [error] {"message":"Git error","stdout":".gitignore\u00003\u0000.vscode\u0000/root/capsule/.vscode/launch.json\u0000","stderr":"fatal: pathspec '/root/capsule/results/210803_drug-baseline-models/MAML_cmd/run_MAML_drugs0.sh' is beyond a symbolic link\n","exitCode":128}
[2022-03-13 06:09:42.834] [exthost] [error] {"message":"Git error","stdout":".gitignore\u00003\u0000.vscode\u0000/root/capsule/.vscode/launch.json\u0000","stderr":"fatal: pathspec '/root/capsule/results/210803_drug-baseline-models/MAML_cmd/run_MAML_drugs0.sh' is beyond a symbolic link\n","exitCode":128}
[2022-03-13 06:09:42.834] [exthost] [error] {"message":"Git error","stdout":".gitignore\u00003\u0000.vscode\u0000/root/capsule/.vscode/launch.json\u0000","stderr":"fatal: pathspec '/root/capsule/results/210803_drug-baseline-models/MAML_cmd/run_MAML_drugs0.sh' is beyond a symbolic link\n","exitCode":128}
[2022-03-13 06:09:42.834] [exthost] [error] {"message":"Git error","stdout":".gitignore\u00003\u0000.vscode\u0000/root/capsule/.vscode/launch.json\u0000","stderr":"fatal: pathspec '/root/capsule/results/210803_drug-baseline-models/MAML_cmd/run_MAML_drugs0.sh' is beyond a symbolic link\n","exitCode":128}
[2022-03-13 06:09:44.830] [exthost] [info] extension host terminating: parent process 37 does not exist anymore: kill ESRCH (code: ESRCH) (errno: -3)
[2022-03-13 06:09:44.831] [exthost] [info] Lock '/root/capsule/code/.vscode/User/workspaceStorage/-13f97471-1/vscode.lock': Marking the lockfile as scheduled to be released in 6000 ms.
[2022-03-13 06:09:44.849] [exthost] [info] Extension host with pid 2130 exiting with code 0
