[2022-03-16 03:53:16.158] [exthost] [info] Extension host with pid 88 started
[2022-03-16 03:53:16.164] [exthost] [info] Lock '/root/capsule/code/.vscode/User/workspaceStorage/-13f97471/vscode.lock': Lock acquired.
[2022-03-16 03:53:16.234] [exthost] [info] ExtensionService#_doActivateExtension vscode.debug-auto-launch, startup: true, activationEvent: '*'
[2022-03-16 03:53:16.241] [exthost] [info] ExtensionService#_doActivateExtension vscode.git-base, startup: true, activationEvent: '*', root cause: vscode.github
[2022-03-16 03:53:16.372] [exthost] [info] ExtensionService#_doActivateExtension vscode.git, startup: true, activationEvent: '*'
[2022-03-16 03:53:16.448] [exthost] [info] ExtensionService#_doActivateExtension vscode.github, startup: true, activationEvent: '*'
[2022-03-16 03:53:16.550] [exthost] [info] ExtensionService#_doActivateExtension vscode.emmet, startup: false, activationEvent: 'onStartupFinished'
[2022-03-16 03:53:16.572] [exthost] [info] ExtensionService#_doActivateExtension vscode.merge-conflict, startup: false, activationEvent: 'onStartupFinished'
[2022-03-16 03:53:16.576] [exthost] [info] Eager extensions activated
[2022-03-16 03:53:17.193] [exthost] [error] {"message":"Git error","stdout":".gitignore\u00003\u0000.vscode\u0000/root/capsule/.vscode/launch.json\u0000","stderr":"fatal: pathspec '/root/capsule/results/210803_drug-baseline-models/MAML_cmd/run_MAML_drugs0.sh' is beyond a symbolic link\n","exitCode":128}
[2022-03-16 03:53:17.193] [exthost] [error] {"message":"Git error","stdout":".gitignore\u00003\u0000.vscode\u0000/root/capsule/.vscode/launch.json\u0000","stderr":"fatal: pathspec '/root/capsule/results/210803_drug-baseline-models/MAML_cmd/run_MAML_drugs0.sh' is beyond a symbolic link\n","exitCode":128}
[2022-03-16 03:53:17.193] [exthost] [error] {"message":"Git error","stdout":".gitignore\u00003\u0000.vscode\u0000/root/capsule/.vscode/launch.json\u0000","stderr":"fatal: pathspec '/root/capsule/results/210803_drug-baseline-models/MAML_cmd/run_MAML_drugs0.sh' is beyond a symbolic link\n","exitCode":128}
[2022-03-16 03:53:17.193] [exthost] [error] {"message":"Git error","stdout":".gitignore\u00003\u0000.vscode\u0000/root/capsule/.vscode/launch.json\u0000","stderr":"fatal: pathspec '/root/capsule/results/210803_drug-baseline-models/MAML_cmd/run_MAML_drugs0.sh' is beyond a symbolic link\n","exitCode":128}
[2022-03-16 03:53:17.193] [exthost] [error] {"message":"Git error","stdout":".gitignore\u00003\u0000.vscode\u0000/root/capsule/.vscode/launch.json\u0000","stderr":"fatal: pathspec '/root/capsule/results/210803_drug-baseline-models/MAML_cmd/run_MAML_drugs0.sh' is beyond a symbolic link\n","exitCode":128}
[2022-03-16 03:53:17.193] [exthost] [error] {"message":"Git error","stdout":".gitignore\u00003\u0000.vscode\u0000/root/capsule/.vscode/launch.json\u0000","stderr":"fatal: pathspec '/root/capsule/results/210803_drug-baseline-models/MAML_cmd/run_MAML_drugs0.sh' is beyond a symbolic link\n","exitCode":128}
[2022-03-16 03:53:17.193] [exthost] [error] {"message":"Git error","stdout":".gitignore\u00003\u0000.vscode\u0000/root/capsule/.vscode/launch.json\u0000","stderr":"fatal: pathspec '/root/capsule/results/210803_drug-baseline-models/MAML_cmd/run_MAML_drugs0.sh' is beyond a symbolic link\n","exitCode":128}
[2022-03-16 03:53:17.193] [exthost] [error] {"message":"Git error","stdout":".gitignore\u00003\u0000.vscode\u0000/root/capsule/.vscode/launch.json\u0000","stderr":"fatal: pathspec '/root/capsule/results/210803_drug-baseline-models/MAML_cmd/run_MAML_drugs0.sh' is beyond a symbolic link\n","exitCode":128}
[2022-03-16 03:53:17.193] [exthost] [error] {"message":"Git error","stdout":".gitignore\u00003\u0000.vscode\u0000/root/capsule/.vscode/launch.json\u0000","stderr":"fatal: pathspec '/root/capsule/results/210803_drug-baseline-models/MAML_cmd/run_MAML_drugs0.sh' is beyond a symbolic link\n","exitCode":128}
[2022-03-16 03:53:17.193] [exthost] [error] {"message":"Git error","stdout":".gitignore\u00003\u0000.vscode\u0000/root/capsule/.vscode/launch.json\u0000","stderr":"fatal: pathspec '/root/capsule/results/210803_drug-baseline-models/MAML_cmd/run_MAML_drugs0.sh' is beyond a symbolic link\n","exitCode":128}
[2022-03-16 03:53:17.193] [exthost] [error] {"message":"Git error","stdout":".gitignore\u00003\u0000.vscode\u0000/root/capsule/.vscode/launch.json\u0000","stderr":"fatal: pathspec '/root/capsule/results/210803_drug-baseline-models/MAML_cmd/run_MAML_drugs0.sh' is beyond a symbolic link\n","exitCode":128}
[2022-03-16 03:53:17.193] [exthost] [error] {"message":"Git error","stdout":".gitignore\u00003\u0000.vscode\u0000/root/capsule/.vscode/launch.json\u0000","stderr":"fatal: pathspec '/root/capsule/results/210803_drug-baseline-models/MAML_cmd/run_MAML_drugs0.sh' is beyond a symbolic link\n","exitCode":128}
[2022-03-16 03:53:17.194] [exthost] [error] {"message":"Git error","stdout":".gitignore\u00003\u0000.vscode\u0000/root/capsule/.vscode/launch.json\u0000","stderr":"fatal: pathspec '/root/capsule/results/210803_drug-baseline-models/MAML_cmd/run_MAML_drugs0.sh' is beyond a symbolic link\n","exitCode":128}
[2022-03-16 03:53:17.194] [exthost] [error] {"message":"Git error","stdout":".gitignore\u00003\u0000.vscode\u0000/root/capsule/.vscode/launch.json\u0000","stderr":"fatal: pathspec '/root/capsule/results/210803_drug-baseline-models/MAML_cmd/run_MAML_drugs0.sh' is beyond a symbolic link\n","exitCode":128}
[2022-03-16 03:53:17.194] [exthost] [error] {"message":"Git error","stdout":".gitignore\u00003\u0000.vscode\u0000/root/capsule/.vscode/launch.json\u0000","stderr":"fatal: pathspec '/root/capsule/results/210803_drug-baseline-models/MAML_cmd/run_MAML_drugs0.sh' is beyond a symbolic link\n","exitCode":128}
[2022-03-16 03:53:17.194] [exthost] [error] {"message":"Git error","stdout":".gitignore\u00003\u0000.vscode\u0000/root/capsule/.vscode/launch.json\u0000","stderr":"fatal: pathspec '/root/capsule/results/210803_drug-baseline-models/MAML_cmd/run_MAML_drugs0.sh' is beyond a symbolic link\n","exitCode":128}
[2022-03-16 03:53:17.194] [exthost] [error] {"message":"Git error","stdout":".gitignore\u00003\u0000.vscode\u0000/root/capsule/.vscode/launch.json\u0000","stderr":"fatal: pathspec '/root/capsule/results/210803_drug-baseline-models/MAML_cmd/run_MAML_drugs0.sh' is beyond a symbolic link\n","exitCode":128}
[2022-03-16 03:53:17.194] [exthost] [error] {"message":"Git error","stdout":".gitignore\u00003\u0000.vscode\u0000/root/capsule/.vscode/launch.json\u0000","stderr":"fatal: pathspec '/root/capsule/results/210803_drug-baseline-models/MAML_cmd/run_MAML_drugs0.sh' is beyond a symbolic link\n","exitCode":128}
[2022-03-16 03:53:17.194] [exthost] [error] {"message":"Git error","stdout":".gitignore\u00003\u0000.vscode\u0000/root/capsule/.vscode/launch.json\u0000","stderr":"fatal: pathspec '/root/capsule/results/210803_drug-baseline-models/MAML_cmd/run_MAML_drugs0.sh' is beyond a symbolic link\n","exitCode":128}
[2022-03-16 03:53:17.194] [exthost] [error] {"message":"Git error","stdout":".gitignore\u00003\u0000.vscode\u0000/root/capsule/.vscode/launch.json\u0000","stderr":"fatal: pathspec '/root/capsule/results/210803_drug-baseline-models/MAML_cmd/run_MAML_drugs0.sh' is beyond a symbolic link\n","exitCode":128}
[2022-03-16 03:53:17.194] [exthost] [error] {"message":"Git error","stdout":".gitignore\u00003\u0000.vscode\u0000/root/capsule/.vscode/launch.json\u0000","stderr":"fatal: pathspec '/root/capsule/results/210803_drug-baseline-models/MAML_cmd/run_MAML_drugs0.sh' is beyond a symbolic link\n","exitCode":128}
[2022-03-16 03:53:17.194] [exthost] [error] {"message":"Git error","stdout":".gitignore\u00003\u0000.vscode\u0000/root/capsule/.vscode/launch.json\u0000","stderr":"fatal: pathspec '/root/capsule/results/210803_drug-baseline-models/MAML_cmd/run_MAML_drugs0.sh' is beyond a symbolic link\n","exitCode":128}
[2022-03-16 03:53:17.194] [exthost] [error] {"message":"Git error","stdout":".gitignore\u00003\u0000.vscode\u0000/root/capsule/.vscode/launch.json\u0000","stderr":"fatal: pathspec '/root/capsule/results/210803_drug-baseline-models/MAML_cmd/run_MAML_drugs0.sh' is beyond a symbolic link\n","exitCode":128}
[2022-03-16 03:53:17.194] [exthost] [error] {"message":"Git error","stdout":".gitignore\u00003\u0000.vscode\u0000/root/capsule/.vscode/launch.json\u0000","stderr":"fatal: pathspec '/root/capsule/results/210803_drug-baseline-models/MAML_cmd/run_MAML_drugs0.sh' is beyond a symbolic link\n","exitCode":128}
[2022-03-16 03:53:17.194] [exthost] [error] {"message":"Git error","stdout":".gitignore\u00003\u0000.vscode\u0000/root/capsule/.vscode/launch.json\u0000","stderr":"fatal: pathspec '/root/capsule/results/210803_drug-baseline-models/MAML_cmd/run_MAML_drugs0.sh' is beyond a symbolic link\n","exitCode":128}
[2022-03-16 03:53:17.194] [exthost] [error] {"message":"Git error","stdout":".gitignore\u00003\u0000.vscode\u0000/root/capsule/.vscode/launch.json\u0000","stderr":"fatal: pathspec '/root/capsule/results/210803_drug-baseline-models/MAML_cmd/run_MAML_drugs0.sh' is beyond a symbolic link\n","exitCode":128}
[2022-03-16 03:53:17.194] [exthost] [error] {"message":"Git error","stdout":".gitignore\u00003\u0000.vscode\u0000/root/capsule/.vscode/launch.json\u0000","stderr":"fatal: pathspec '/root/capsule/results/210803_drug-baseline-models/MAML_cmd/run_MAML_drugs0.sh' is beyond a symbolic link\n","exitCode":128}
[2022-03-16 03:53:17.194] [exthost] [error] {"message":"Git error","stdout":".gitignore\u00003\u0000.vscode\u0000/root/capsule/.vscode/launch.json\u0000","stderr":"fatal: pathspec '/root/capsule/results/210803_drug-baseline-models/MAML_cmd/run_MAML_drugs0.sh' is beyond a symbolic link\n","exitCode":128}
[2022-03-16 03:53:17.194] [exthost] [error] {"message":"Git error","stdout":".gitignore\u00003\u0000.vscode\u0000/root/capsule/.vscode/launch.json\u0000","stderr":"fatal: pathspec '/root/capsule/results/210803_drug-baseline-models/MAML_cmd/run_MAML_drugs0.sh' is beyond a symbolic link\n","exitCode":128}
[2022-03-16 03:53:17.194] [exthost] [error] {"message":"Git error","stdout":".gitignore\u00003\u0000.vscode\u0000/root/capsule/.vscode/launch.json\u0000","stderr":"fatal: pathspec '/root/capsule/results/210803_drug-baseline-models/MAML_cmd/run_MAML_drugs0.sh' is beyond a symbolic link\n","exitCode":128}
[2022-03-16 03:53:17.194] [exthost] [error] {"message":"Git error","stdout":".gitignore\u00003\u0000.vscode\u0000/root/capsule/.vscode/launch.json\u0000","stderr":"fatal: pathspec '/root/capsule/results/210803_drug-baseline-models/MAML_cmd/run_MAML_drugs0.sh' is beyond a symbolic link\n","exitCode":128}
[2022-03-16 03:53:17.194] [exthost] [error] {"message":"Git error","stdout":".gitignore\u00003\u0000.vscode\u0000/root/capsule/.vscode/launch.json\u0000","stderr":"fatal: pathspec '/root/capsule/results/210803_drug-baseline-models/MAML_cmd/run_MAML_drugs0.sh' is beyond a symbolic link\n","exitCode":128}
[2022-03-16 03:53:17.194] [exthost] [error] {"message":"Git error","stdout":".gitignore\u00003\u0000.vscode\u0000/root/capsule/.vscode/launch.json\u0000","stderr":"fatal: pathspec '/root/capsule/results/210803_drug-baseline-models/MAML_cmd/run_MAML_drugs0.sh' is beyond a symbolic link\n","exitCode":128}
[2022-03-16 03:53:17.194] [exthost] [error] {"message":"Git error","stdout":".gitignore\u00003\u0000.vscode\u0000/root/capsule/.vscode/launch.json\u0000","stderr":"fatal: pathspec '/root/capsule/results/210803_drug-baseline-models/MAML_cmd/run_MAML_drugs0.sh' is beyond a symbolic link\n","exitCode":128}
[2022-03-16 03:53:17.194] [exthost] [error] {"message":"Git error","stdout":".gitignore\u00003\u0000.vscode\u0000/root/capsule/.vscode/launch.json\u0000","stderr":"fatal: pathspec '/root/capsule/results/210803_drug-baseline-models/MAML_cmd/run_MAML_drugs0.sh' is beyond a symbolic link\n","exitCode":128}
[2022-03-16 03:53:17.194] [exthost] [error] {"message":"Git error","stdout":".gitignore\u00003\u0000.vscode\u0000/root/capsule/.vscode/launch.json\u0000","stderr":"fatal: pathspec '/root/capsule/results/210803_drug-baseline-models/MAML_cmd/run_MAML_drugs0.sh' is beyond a symbolic link\n","exitCode":128}
[2022-03-16 03:53:17.194] [exthost] [error] {"message":"Git error","stdout":".gitignore\u00003\u0000.vscode\u0000/root/capsule/.vscode/launch.json\u0000","stderr":"fatal: pathspec '/root/capsule/results/210803_drug-baseline-models/MAML_cmd/run_MAML_drugs0.sh' is beyond a symbolic link\n","exitCode":128}
[2022-03-16 03:53:17.194] [exthost] [error] {"message":"Git error","stdout":".gitignore\u00003\u0000.vscode\u0000/root/capsule/.vscode/launch.json\u0000","stderr":"fatal: pathspec '/root/capsule/results/210803_drug-baseline-models/MAML_cmd/run_MAML_drugs0.sh' is beyond a symbolic link\n","exitCode":128}
[2022-03-16 03:53:17.194] [exthost] [error] {"message":"Git error","stdout":".gitignore\u00003\u0000.vscode\u0000/root/capsule/.vscode/launch.json\u0000","stderr":"fatal: pathspec '/root/capsule/results/210803_drug-baseline-models/MAML_cmd/run_MAML_drugs0.sh' is beyond a symbolic link\n","exitCode":128}
[2022-03-16 03:53:17.194] [exthost] [error] {"message":"Git error","stdout":".gitignore\u00003\u0000.vscode\u0000/root/capsule/.vscode/launch.json\u0000","stderr":"fatal: pathspec '/root/capsule/results/210803_drug-baseline-models/MAML_cmd/run_MAML_drugs0.sh' is beyond a symbolic link\n","exitCode":128}
[2022-03-16 03:53:17.194] [exthost] [error] {"message":"Git error","stdout":".gitignore\u00003\u0000.vscode\u0000/root/capsule/.vscode/launch.json\u0000","stderr":"fatal: pathspec '/root/capsule/results/210803_drug-baseline-models/MAML_cmd/run_MAML_drugs0.sh' is beyond a symbolic link\n","exitCode":128}
[2022-03-16 03:53:17.194] [exthost] [error] {"message":"Git error","stdout":".gitignore\u00003\u0000.vscode\u0000/root/capsule/.vscode/launch.json\u0000","stderr":"fatal: pathspec '/root/capsule/results/210803_drug-baseline-models/MAML_cmd/run_MAML_drugs0.sh' is beyond a symbolic link\n","exitCode":128}
[2022-03-16 03:53:17.194] [exthost] [error] {"message":"Git error","stdout":".gitignore\u00003\u0000.vscode\u0000/root/capsule/.vscode/launch.json\u0000","stderr":"fatal: pathspec '/root/capsule/results/210803_drug-baseline-models/MAML_cmd/run_MAML_drugs0.sh' is beyond a symbolic link\n","exitCode":128}
[2022-03-16 03:53:17.194] [exthost] [error] {"message":"Git error","stdout":".gitignore\u00003\u0000.vscode\u0000/root/capsule/.vscode/launch.json\u0000","stderr":"fatal: pathspec '/root/capsule/results/210803_drug-baseline-models/MAML_cmd/run_MAML_drugs0.sh' is beyond a symbolic link\n","exitCode":128}
[2022-03-16 03:53:17.194] [exthost] [error] {"message":"Git error","stdout":".gitignore\u00003\u0000.vscode\u0000/root/capsule/.vscode/launch.json\u0000","stderr":"fatal: pathspec '/root/capsule/results/210803_drug-baseline-models/MAML_cmd/run_MAML_drugs0.sh' is beyond a symbolic link\n","exitCode":128}
[2022-03-16 03:53:17.194] [exthost] [error] {"message":"Git error","stdout":".gitignore\u00003\u0000.vscode\u0000/root/capsule/.vscode/launch.json\u0000","stderr":"fatal: pathspec '/root/capsule/results/210803_drug-baseline-models/MAML_cmd/run_MAML_drugs0.sh' is beyond a symbolic link\n","exitCode":128}
[2022-03-16 03:53:17.194] [exthost] [error] {"message":"Git error","stdout":".gitignore\u00003\u0000.vscode\u0000/root/capsule/.vscode/launch.json\u0000","stderr":"fatal: pathspec '/root/capsule/results/210803_drug-baseline-models/MAML_cmd/run_MAML_drugs0.sh' is beyond a symbolic link\n","exitCode":128}
[2022-03-16 03:53:17.194] [exthost] [error] {"message":"Git error","stdout":".gitignore\u00003\u0000.vscode\u0000/root/capsule/.vscode/launch.json\u0000","stderr":"fatal: pathspec '/root/capsule/results/210803_drug-baseline-models/MAML_cmd/run_MAML_drugs0.sh' is beyond a symbolic link\n","exitCode":128}
[2022-03-16 03:53:17.194] [exthost] [error] {"message":"Git error","stdout":".gitignore\u00003\u0000.vscode\u0000/root/capsule/.vscode/launch.json\u0000","stderr":"fatal: pathspec '/root/capsule/results/210803_drug-baseline-models/MAML_cmd/run_MAML_drugs0.sh' is beyond a symbolic link\n","exitCode":128}
[2022-03-16 03:53:17.194] [exthost] [error] {"message":"Git error","stdout":".gitignore\u00003\u0000.vscode\u0000/root/capsule/.vscode/launch.json\u0000","stderr":"fatal: pathspec '/root/capsule/results/210803_drug-baseline-models/MAML_cmd/run_MAML_drugs0.sh' is beyond a symbolic link\n","exitCode":128}
[2022-03-16 03:53:17.194] [exthost] [error] {"message":"Git error","stdout":".gitignore\u00003\u0000.vscode\u0000/root/capsule/.vscode/launch.json\u0000","stderr":"fatal: pathspec '/root/capsule/results/210803_drug-baseline-models/MAML_cmd/run_MAML_drugs0.sh' is beyond a symbolic link\n","exitCode":128}
[2022-03-16 03:53:17.194] [exthost] [error] {"message":"Git error","stdout":".gitignore\u00003\u0000.vscode\u0000/root/capsule/.vscode/launch.json\u0000","stderr":"fatal: pathspec '/root/capsule/results/210803_drug-baseline-models/MAML_cmd/run_MAML_drugs0.sh' is beyond a symbolic link\n","exitCode":128}
[2022-03-16 03:53:17.194] [exthost] [error] {"message":"Git error","stdout":".gitignore\u00003\u0000.vscode\u0000/root/capsule/.vscode/launch.json\u0000","stderr":"fatal: pathspec '/root/capsule/results/210803_drug-baseline-models/MAML_cmd/run_MAML_drugs0.sh' is beyond a symbolic link\n","exitCode":128}
[2022-03-16 03:53:17.194] [exthost] [error] {"message":"Git error","stdout":".gitignore\u00003\u0000.vscode\u0000/root/capsule/.vscode/launch.json\u0000","stderr":"fatal: pathspec '/root/capsule/results/210803_drug-baseline-models/MAML_cmd/run_MAML_drugs0.sh' is beyond a symbolic link\n","exitCode":128}
[2022-03-16 03:53:17.194] [exthost] [error] {"message":"Git error","stdout":".gitignore\u00003\u0000.vscode\u0000/root/capsule/.vscode/launch.json\u0000","stderr":"fatal: pathspec '/root/capsule/results/210803_drug-baseline-models/MAML_cmd/run_MAML_drugs0.sh' is beyond a symbolic link\n","exitCode":128}
[2022-03-16 03:53:17.194] [exthost] [error] {"message":"Git error","stdout":".gitignore\u00003\u0000.vscode\u0000/root/capsule/.vscode/launch.json\u0000","stderr":"fatal: pathspec '/root/capsule/results/210803_drug-baseline-models/MAML_cmd/run_MAML_drugs0.sh' is beyond a symbolic link\n","exitCode":128}
[2022-03-16 03:53:17.194] [exthost] [error] {"message":"Git error","stdout":".gitignore\u00003\u0000.vscode\u0000/root/capsule/.vscode/launch.json\u0000","stderr":"fatal: pathspec '/root/capsule/results/210803_drug-baseline-models/MAML_cmd/run_MAML_drugs0.sh' is beyond a symbolic link\n","exitCode":128}
[2022-03-16 03:53:17.194] [exthost] [error] {"message":"Git error","stdout":".gitignore\u00003\u0000.vscode\u0000/root/capsule/.vscode/launch.json\u0000","stderr":"fatal: pathspec '/root/capsule/results/210803_drug-baseline-models/MAML_cmd/run_MAML_drugs0.sh' is beyond a symbolic link\n","exitCode":128}
[2022-03-16 03:53:17.194] [exthost] [error] {"message":"Git error","stdout":".gitignore\u00003\u0000.vscode\u0000/root/capsule/.vscode/launch.json\u0000","stderr":"fatal: pathspec '/root/capsule/results/210803_drug-baseline-models/MAML_cmd/run_MAML_drugs0.sh' is beyond a symbolic link\n","exitCode":128}
[2022-03-16 03:53:17.194] [exthost] [error] {"message":"Git error","stdout":".gitignore\u00003\u0000.vscode\u0000/root/capsule/.vscode/launch.json\u0000","stderr":"fatal: pathspec '/root/capsule/results/210803_drug-baseline-models/MAML_cmd/run_MAML_drugs0.sh' is beyond a symbolic link\n","exitCode":128}
[2022-03-16 03:53:17.194] [exthost] [error] {"message":"Git error","stdout":".gitignore\u00003\u0000.vscode\u0000/root/capsule/.vscode/launch.json\u0000","stderr":"fatal: pathspec '/root/capsule/results/210803_drug-baseline-models/MAML_cmd/run_MAML_drugs0.sh' is beyond a symbolic link\n","exitCode":128}
[2022-03-16 03:53:17.194] [exthost] [error] {"message":"Git error","stdout":".gitignore\u00003\u0000.vscode\u0000/root/capsule/.vscode/launch.json\u0000","stderr":"fatal: pathspec '/root/capsule/results/210803_drug-baseline-models/MAML_cmd/run_MAML_drugs0.sh' is beyond a symbolic link\n","exitCode":128}
[2022-03-16 03:54:37.878] [exthost] [info] ExtensionService#_doActivateExtension vscode.debug-server-ready, startup: false, activationEvent: 'onDebugResolve'
[2022-03-16 03:54:52.256] [exthost] [info] ExtensionService#_doActivateExtension ms-vscode.js-debug, startup: false, activationEvent: 'onDebugInitialConfigurations'
[2022-03-16 03:55:07.495] [exthost] [info] ExtensionService#_doActivateExtension ms-toolsai.jupyter, startup: false, activationEvent: 'onLanguage:python'
[2022-03-16 03:55:07.771] [exthost] [info] ExtensionService#_doActivateExtension ms-python.python, startup: false, activationEvent: 'onDebugInitialConfigurations'
[2022-03-16 04:08:18.733] [exthost] [info] extension host terminating: parent process 37 does not exist anymore: kill ESRCH (code: ESRCH) (errno: -3)
[2022-03-16 04:08:18.734] [exthost] [info] Lock '/root/capsule/code/.vscode/User/workspaceStorage/-13f97471/vscode.lock': Marking the lockfile as scheduled to be released in 6000 ms.
[2022-03-16 04:08:18.756] [exthost] [info] Extension host with pid 88 exiting with code 0
